Unity Editor version:    2022.3.27f1 (73effa14754f)
Branch:                  2022.3/staging
Build type:              Release
Batch mode:              YES
macOS version:           Version 14.4.1 (Build 23E224)
Darwin version:          23.4.0
Architecture:            arm64
Running under Rosetta:   NO
Available memory:        8192 MB
Using pre-set license
Pro License: YES

COMMAND LINE ARGUMENTS:
/Applications/Unity/Hub/Editor/2022.3.27f1/Unity.app/Contents/MacOS/Unity
-adb2
-batchMode
-noUpm
-name
AssetImportWorker3
-projectPath
/Users/kablbl/Library/Mobile Documents/com~apple~CloudDocs/GitHub Repos/Kablbls-Adventure-Test/Kablbl-Adventure.Week2
-logFile
Logs/AssetImportWorker3.log
-srvPort
52467
Successfully changed project path to: /Users/kablbl/Library/Mobile Documents/com~apple~CloudDocs/GitHub Repos/Kablbls-Adventure-Test/Kablbl-Adventure.Week2
/Users/kablbl/Library/Mobile Documents/com~apple~CloudDocs/GitHub Repos/Kablbls-Adventure-Test/Kablbl-Adventure.Week2
[UnityMemory] Configuration Parameters - Can be set up in boot.config
    "memorysetup-bucket-allocator-granularity=16"
    "memorysetup-bucket-allocator-bucket-count=8"
    "memorysetup-bucket-allocator-block-size=33554432"
    "memorysetup-bucket-allocator-block-count=8"
    "memorysetup-main-allocator-block-size=16777216"
    "memorysetup-thread-allocator-block-size=16777216"
    "memorysetup-gfx-main-allocator-block-size=16777216"
    "memorysetup-gfx-thread-allocator-block-size=16777216"
    "memorysetup-cache-allocator-block-size=4194304"
    "memorysetup-typetree-allocator-block-size=2097152"
    "memorysetup-profiler-bucket-allocator-granularity=16"
    "memorysetup-profiler-bucket-allocator-bucket-count=8"
    "memorysetup-profiler-bucket-allocator-block-size=33554432"
    "memorysetup-profiler-bucket-allocator-block-count=8"
    "memorysetup-profiler-allocator-block-size=16777216"
    "memorysetup-profiler-editor-allocator-block-size=1048576"
    "memorysetup-temp-allocator-size-main=16777216"
    "memorysetup-job-temp-allocator-block-size=2097152"
    "memorysetup-job-temp-allocator-block-size-background=1048576"
    "memorysetup-job-temp-allocator-reduction-small-platforms=262144"
    "memorysetup-allocator-temp-initial-block-size-main=262144"
    "memorysetup-allocator-temp-initial-block-size-worker=262144"
    "memorysetup-temp-allocator-size-background-worker=32768"
    "memorysetup-temp-allocator-size-job-worker=262144"
    "memorysetup-temp-allocator-size-preload-manager=33554432"
    "memorysetup-temp-allocator-size-nav-mesh-worker=65536"
    "memorysetup-temp-allocator-size-audio-worker=65536"
    "memorysetup-temp-allocator-size-cloud-worker=32768"
    "memorysetup-temp-allocator-size-gi-baking-worker=262144"
    "memorysetup-temp-allocator-size-gfx=262144"
Player connection [8237939392] Host "[IP] 192.168.8.22 [Port] 0 [Flags] 2 [Guid] 1382717521 [EditorId] 1382717521 [Version] 1048832 [Id] OSXEditor(0,Abdullahs-Air) [Debug] 1 [PackageName] OSXEditor [ProjectName] Editor" joined multi-casting on [225.0.0.222:54997]...

Player connection [8237939392] Host "[IP] 192.168.8.22 [Port] 0 [Flags] 2 [Guid] 1382717521 [EditorId] 1382717521 [Version] 1048832 [Id] OSXEditor(0,Abdullahs-Air) [Debug] 1 [PackageName] OSXEditor [ProjectName] Editor" joined alternative multi-casting on [225.0.0.222:34997]...

[Physics::Module] Initialized MultithreadedJobDispatcher with 7 workers.
Refreshing native plugins compatible for Editor in 15.64 ms, found 2 plugins.
Preloading 0 native plugins for Editor in 0.00 ms.
Initialize engine version: 2022.3.27f1 (73effa14754f)
[Subsystems] Discovering subsystems at path /Applications/Unity/Hub/Editor/2022.3.27f1/Unity.app/Contents/Resources/UnitySubsystems
[Subsystems] Discovering subsystems at path /Users/kablbl/Library/Mobile Documents/com~apple~CloudDocs/GitHub Repos/Kablbls-Adventure-Test/Kablbl-Adventure.Week2/Assets
GfxDevice: creating device client; threaded=0; jobified=0
 preferred device: Apple M2 (high power)
Metal devices available: 1
0: Apple M2 (high power)
Using device Apple M2 (high power)
Initializing Metal device caps: Apple M2
Initialize mono
Mono path[0] = '/Applications/Unity/Hub/Editor/2022.3.27f1/Unity.app/Contents/Managed'
Mono path[1] = '/Applications/Unity/Hub/Editor/2022.3.27f1/Unity.app/Contents/MonoBleedingEdge/lib/mono/unityjit-macos'
Mono config path = '/Applications/Unity/Hub/Editor/2022.3.27f1/Unity.app/Contents/MonoBleedingEdge/etc'
Using monoOptions --debugger-agent=transport=dt_socket,embedding=1,server=y,suspend=n,address=127.0.0.1:56580
Begin MonoManager ReloadAssembly
Registering precompiled unity dll's ...
Register platform support module: /Applications/Unity/Hub/Editor/2022.3.27f1/PlaybackEngines/WebGLSupport/UnityEditor.WebGL.Extensions.dll
Register platform support module: /Applications/Unity/Hub/Editor/2022.3.27f1/Unity.app/Contents/PlaybackEngines/MacStandaloneSupport/UnityEditor.OSXStandalone.Extensions.dll
Register platform support module: /Applications/Unity/Hub/Editor/2022.3.27f1/PlaybackEngines/WindowsStandaloneSupport/UnityEditor.WindowsStandalone.Extensions.dll
Registered in 0.003965 seconds.
- Loaded All Assemblies, in  0.263 seconds
Native extension for WindowsStandalone target not found
Native extension for OSXStandalone target not found
Native extension for WebGL target not found
Mono: successfully reloaded assembly
- Finished resetting the current domain, in  0.159 seconds
Domain Reload Profiling: 423ms
	BeginReloadAssembly (93ms)
		ExecutionOrderSort (0ms)
		DisableScriptedObjects (0ms)
		BackupInstance (0ms)
		ReleaseScriptingObjects (0ms)
		CreateAndSetChildDomain (0ms)
	RebuildCommonClasses (28ms)
	RebuildNativeTypeToScriptingClass (7ms)
	initialDomainReloadingComplete (33ms)
	LoadAllAssembliesAndSetupDomain (102ms)
		LoadAssemblies (93ms)
		RebuildTransferFunctionScriptingTraits (0ms)
		AnalyzeDomain (101ms)
			TypeCache.Refresh (100ms)
				TypeCache.ScanAssembly (88ms)
			ScanForSourceGeneratedMonoScriptInfo (0ms)
			ResolveRequiredComponents (0ms)
	FinalizeReload (160ms)
		ReleaseScriptCaches (0ms)
		RebuildScriptCaches (0ms)
		SetupLoadedEditorAssemblies (125ms)
			LogAssemblyErrors (0ms)
			InitializePlatformSupportModulesInManaged (6ms)
			SetLoadedEditorAssemblies (4ms)
			RefreshPlugins (0ms)
			BeforeProcessingInitializeOnLoad (1ms)
			ProcessInitializeOnLoadAttributes (87ms)
			ProcessInitializeOnLoadMethodAttributes (27ms)
			AfterProcessingInitializeOnLoad (0ms)
			EditorAssembliesLoaded (0ms)
		ExecutionOrderSort2 (0ms)
		AwakeInstancesAfterBackupRestoration (0ms)
========================================================================
Worker process is ready to serve import requests
Begin MonoManager ReloadAssembly
- Loaded All Assemblies, in  0.478 seconds
Refreshing native plugins compatible for Editor in 1.60 ms, found 2 plugins.
Native extension for WindowsStandalone target not found
Native extension for OSXStandalone target not found
Native extension for WebGL target not found
Package Manager log level set to [2]
[Package Manager] Server::EnsureServerProcessIsRunning -- launch failed, reason: Unity was launched with the -noUpm command-line argument
[Package Manager] UpmClient::Send -- Unable to send message (not connected to UPM process).
[Package Manager] Cannot connect to Unity Package Manager local server
Mono: successfully reloaded assembly
- Finished resetting the current domain, in  0.438 seconds
Domain Reload Profiling: 920ms
	BeginReloadAssembly (80ms)
		ExecutionOrderSort (0ms)
		DisableScriptedObjects (3ms)
		BackupInstance (0ms)
		ReleaseScriptingObjects (0ms)
		CreateAndSetChildDomain (17ms)
	RebuildCommonClasses (22ms)
	RebuildNativeTypeToScriptingClass (8ms)
	initialDomainReloadingComplete (22ms)
	LoadAllAssembliesAndSetupDomain (350ms)
		LoadAssemblies (250ms)
		RebuildTransferFunctionScriptingTraits (0ms)
		AnalyzeDomain (136ms)
			TypeCache.Refresh (124ms)
				TypeCache.ScanAssembly (105ms)
			ScanForSourceGeneratedMonoScriptInfo (7ms)
			ResolveRequiredComponents (3ms)
	FinalizeReload (438ms)
		ReleaseScriptCaches (0ms)
		RebuildScriptCaches (0ms)
		SetupLoadedEditorAssemblies (345ms)
			LogAssemblyErrors (0ms)
			InitializePlatformSupportModulesInManaged (4ms)
			SetLoadedEditorAssemblies (3ms)
			RefreshPlugins (0ms)
			BeforeProcessingInitializeOnLoad (31ms)
			ProcessInitializeOnLoadAttributes (297ms)
			ProcessInitializeOnLoadMethodAttributes (10ms)
			AfterProcessingInitializeOnLoad (1ms)
			EditorAssembliesLoaded (0ms)
		ExecutionOrderSort2 (0ms)
		AwakeInstancesAfterBackupRestoration (2ms)
Launching external process: /Applications/Unity/Hub/Editor/2022.3.27f1/Unity.app/Contents/Tools/UnityShaderCompiler
Launched and connected shader compiler UnityShaderCompiler after 0.25 seconds
Refreshing native plugins compatible for Editor in 0.82 ms, found 2 plugins.
Preloading 0 native plugins for Editor in 0.00 ms.
Unloading 3280 Unused Serialized files (Serialized files now loaded: 0)
Unloading 46 unused Assets / (126.0 KB). Loaded Objects now: 3757.
Memory consumption went from 161.3 MB to 161.1 MB.
Total: 3.564583 ms (FindLiveObjects: 0.109916 ms CreateObjectMapping: 0.047834 ms MarkObjects: 3.299250 ms  DeleteObjects: 0.107083 ms)

AssetImportParameters requested are different than current active one (requested -> active):
  custom:container-demuxer-ogg: 62fdf1f143b41e24485cea50d1cbac27 -> 
  custom:video-decoder-ogg-theora: a1e56fd34408186e4bbccfd4996cb3dc -> 
  custom:CustomObjectIndexerAttribute: 9a22284fe3817be447336de3de66b15e -> 
  custom:container-demuxer-webm: 4f35f7cbe854078d1ac9338744f61a02 -> 
  custom:scripting/monoscript/fileName/Mangos.cs: 76f0e2adc5074ba2b8e7cf84fbf20dab -> 
  custom:container-muxer-webm: aa71ff27fc2769a1b78a27578f13a17b -> 
  custom:video-decoder-webm-vp8: 9c59270c3fd7afecdb556c50c9e8de78 -> 
  custom:SearchIndexIgnoredProperties: e643bd26f0fe6173181afceb89e7c659 -> 
  custom:AudioImporter_EditorPlatform: 3918e3fc78b5a79bad01e8451be0beb8 -> 
  custom:framework-osx-AVFoundation: e770b220cccbd017edd2c1fefb359320 -> 
  custom:video-encoder-webm-vp8: eb34c28f22e8b96e1ab97ce403110664 -> 
  custom:audio-decoder-ogg-vorbis: bf7c407c2cedff20999df2af8eb42d56 -> 
  custom:audio-encoder-webm-vorbis: bf7c407c2cedff20999df2af8eb42d56 -> 
========================================================================
Received Import Request.
  Time since last request: 63431.011202 seconds.
  path: Assets/Assets/Leaf.mat
  artifactKey: Guid(6738e7fb4e9a94a04b933f410f89c56d) Importer(815301076,1909f56bfc062723c751e8b465ee728b)
Start importing Assets/Assets/Leaf.mat using Guid(6738e7fb4e9a94a04b933f410f89c56d) Importer(815301076,1909f56bfc062723c751e8b465ee728b)  -> (artifact id: '2a792cd23d759fe598c70ff11c9a5dd8') in 0.108283 seconds
Number of updated asset objects reloaded before import = 0
Number of asset objects unloaded after import = 5
========================================================================
Received Prepare
Begin MonoManager ReloadAssembly
Thread 0x306953000 may have been prematurely finalized
- Loaded All Assemblies, in  0.304 seconds
Refreshing native plugins compatible for Editor in 0.68 ms, found 2 plugins.
Native extension for WindowsStandalone target not found
Native extension for OSXStandalone target not found
Native extension for WebGL target not found
[Package Manager] Server::EnsureServerProcessIsRunning -- launch failed, reason: Unity was launched with the -noUpm command-line argument
[Package Manager] UpmClient::Send -- Unable to send message (not connected to UPM process).
[Package Manager] Cannot connect to Unity Package Manager local server
Mono: successfully reloaded assembly
- Finished resetting the current domain, in  0.731 seconds
Domain Reload Profiling: 1035ms
	BeginReloadAssembly (93ms)
		ExecutionOrderSort (0ms)
		DisableScriptedObjects (3ms)
		BackupInstance (0ms)
		ReleaseScriptingObjects (0ms)
		CreateAndSetChildDomain (36ms)
	RebuildCommonClasses (21ms)
	RebuildNativeTypeToScriptingClass (8ms)
	initialDomainReloadingComplete (16ms)
	LoadAllAssembliesAndSetupDomain (166ms)
		LoadAssemblies (177ms)
		RebuildTransferFunctionScriptingTraits (0ms)
		AnalyzeDomain (19ms)
			TypeCache.Refresh (15ms)
				TypeCache.ScanAssembly (0ms)
			ScanForSourceGeneratedMonoScriptInfo (0ms)
			ResolveRequiredComponents (4ms)
	FinalizeReload (731ms)
		ReleaseScriptCaches (0ms)
		RebuildScriptCaches (0ms)
		SetupLoadedEditorAssemblies (307ms)
			LogAssemblyErrors (0ms)
			InitializePlatformSupportModulesInManaged (3ms)
			SetLoadedEditorAssemblies (2ms)
			RefreshPlugins (0ms)
			BeforeProcessingInitializeOnLoad (29ms)
			ProcessInitializeOnLoadAttributes (261ms)
			ProcessInitializeOnLoadMethodAttributes (11ms)
			AfterProcessingInitializeOnLoad (1ms)
			EditorAssembliesLoaded (0ms)
		ExecutionOrderSort2 (0ms)
		AwakeInstancesAfterBackupRestoration (2ms)
Refreshing native plugins compatible for Editor in 0.97 ms, found 2 plugins.
Preloading 0 native plugins for Editor in 0.00 ms.
Unloading 3254 Unused Serialized files (Serialized files now loaded: 0)
Unloading 25 unused Assets / (102.9 KB). Loaded Objects now: 3813.
Memory consumption went from 166.6 MB to 166.5 MB.
Total: 5.828042 ms (FindLiveObjects: 0.176250 ms CreateObjectMapping: 0.063458 ms MarkObjects: 5.507834 ms  DeleteObjects: 0.080125 ms)

Prepare: number of updated asset objects reloaded= 0
AssetImportParameters requested are different than current active one (requested -> active):
  custom:container-demuxer-ogg: 62fdf1f143b41e24485cea50d1cbac27 -> 
  custom:video-decoder-ogg-theora: a1e56fd34408186e4bbccfd4996cb3dc -> 
  custom:CustomObjectIndexerAttribute: 9a22284fe3817be447336de3de66b15e -> 
  custom:container-demuxer-webm: 4f35f7cbe854078d1ac9338744f61a02 -> 
  custom:scripting/monoscript/fileName/Mangos.cs: 76f0e2adc5074ba2b8e7cf84fbf20dab -> 
  custom:container-muxer-webm: aa71ff27fc2769a1b78a27578f13a17b -> 
  custom:video-decoder-webm-vp8: 9c59270c3fd7afecdb556c50c9e8de78 -> 
  custom:SearchIndexIgnoredProperties: e643bd26f0fe6173181afceb89e7c659 -> 
  custom:AudioImporter_EditorPlatform: 3918e3fc78b5a79bad01e8451be0beb8 -> 
  custom:framework-osx-AVFoundation: e770b220cccbd017edd2c1fefb359320 -> 
  custom:video-encoder-webm-vp8: eb34c28f22e8b96e1ab97ce403110664 -> 
  custom:audio-decoder-ogg-vorbis: bf7c407c2cedff20999df2af8eb42d56 -> 
  custom:audio-encoder-webm-vorbis: bf7c407c2cedff20999df2af8eb42d56 -> 
========================================================================
Received Prepare
Begin MonoManager ReloadAssembly
Thread 0x16f367000 may have been prematurely finalized
- Loaded All Assemblies, in  0.301 seconds
Refreshing native plugins compatible for Editor in 0.82 ms, found 2 plugins.
Native extension for WindowsStandalone target not found
Native extension for OSXStandalone target not found
Native extension for WebGL target not found
[Package Manager] Server::EnsureServerProcessIsRunning -- launch failed, reason: Unity was launched with the -noUpm command-line argument
[Package Manager] UpmClient::Send -- Unable to send message (not connected to UPM process).
[Package Manager] Cannot connect to Unity Package Manager local server
Mono: successfully reloaded assembly
- Finished resetting the current domain, in  0.740 seconds
Domain Reload Profiling: 1041ms
	BeginReloadAssembly (94ms)
		ExecutionOrderSort (0ms)
		DisableScriptedObjects (3ms)
		BackupInstance (0ms)
		ReleaseScriptingObjects (0ms)
		CreateAndSetChildDomain (36ms)
	RebuildCommonClasses (21ms)
	RebuildNativeTypeToScriptingClass (8ms)
	initialDomainReloadingComplete (12ms)
	LoadAllAssembliesAndSetupDomain (167ms)
		LoadAssemblies (182ms)
		RebuildTransferFunctionScriptingTraits (0ms)
		AnalyzeDomain (16ms)
			TypeCache.Refresh (11ms)
				TypeCache.ScanAssembly (0ms)
			ScanForSourceGeneratedMonoScriptInfo (0ms)
			ResolveRequiredComponents (4ms)
	FinalizeReload (740ms)
		ReleaseScriptCaches (0ms)
		RebuildScriptCaches (0ms)
		SetupLoadedEditorAssemblies (309ms)
			LogAssemblyErrors (0ms)
			InitializePlatformSupportModulesInManaged (4ms)
			SetLoadedEditorAssemblies (3ms)
			RefreshPlugins (0ms)
			BeforeProcessingInitializeOnLoad (31ms)
			ProcessInitializeOnLoadAttributes (260ms)
			ProcessInitializeOnLoadMethodAttributes (10ms)
			AfterProcessingInitializeOnLoad (0ms)
			EditorAssembliesLoaded (0ms)
		ExecutionOrderSort2 (0ms)
		AwakeInstancesAfterBackupRestoration (2ms)
Refreshing native plugins compatible for Editor in 1.03 ms, found 2 plugins.
Preloading 0 native plugins for Editor in 0.00 ms.
Unloading 3255 Unused Serialized files (Serialized files now loaded: 0)
Unloading 25 unused Assets / (103.0 KB). Loaded Objects now: 3828.
Memory consumption went from 174.7 MB to 174.6 MB.
Total: 9.105708 ms (FindLiveObjects: 0.229125 ms CreateObjectMapping: 0.088208 ms MarkObjects: 7.122250 ms  DeleteObjects: 1.665166 ms)

Prepare: number of updated asset objects reloaded= 0
AssetImportParameters requested are different than current active one (requested -> active):
  custom:container-demuxer-ogg: 62fdf1f143b41e24485cea50d1cbac27 -> 
  custom:video-decoder-ogg-theora: a1e56fd34408186e4bbccfd4996cb3dc -> 
  custom:CustomObjectIndexerAttribute: 9a22284fe3817be447336de3de66b15e -> 
  custom:container-demuxer-webm: 4f35f7cbe854078d1ac9338744f61a02 -> 
  custom:scripting/monoscript/fileName/Mangos.cs: 76f0e2adc5074ba2b8e7cf84fbf20dab -> 
  custom:container-muxer-webm: aa71ff27fc2769a1b78a27578f13a17b -> 
  custom:video-decoder-webm-vp8: 9c59270c3fd7afecdb556c50c9e8de78 -> 
  custom:SearchIndexIgnoredProperties: e643bd26f0fe6173181afceb89e7c659 -> 
  custom:AudioImporter_EditorPlatform: 3918e3fc78b5a79bad01e8451be0beb8 -> 
  custom:framework-osx-AVFoundation: e770b220cccbd017edd2c1fefb359320 -> 
  custom:video-encoder-webm-vp8: eb34c28f22e8b96e1ab97ce403110664 -> 
  custom:audio-decoder-ogg-vorbis: bf7c407c2cedff20999df2af8eb42d56 -> 
  custom:audio-encoder-webm-vorbis: bf7c407c2cedff20999df2af8eb42d56 -> 
========================================================================
Received Import Request.
  Time since last request: 467.939625 seconds.
  path: Assets/TextMesh Pro/Resources/Fonts & Materials/LiberationSans SDF - Drop Shadow.mat
  artifactKey: Guid(e73a58f6e2794ae7b1b7e50b7fb811b0) Importer(815301076,1909f56bfc062723c751e8b465ee728b)
Start importing Assets/TextMesh Pro/Resources/Fonts & Materials/LiberationSans SDF - Drop Shadow.mat using Guid(e73a58f6e2794ae7b1b7e50b7fb811b0) Importer(815301076,1909f56bfc062723c751e8b465ee728b)  -> (artifact id: '474923f714f955f69864f966638808da') in 0.388429 seconds
Number of updated asset objects reloaded before import = 0
Number of asset objects unloaded after import = 2
========================================================================
Received Import Request.
  Time since last request: 0.000046 seconds.
  path: Assets/Assets/Lowpoly Medieval Environments/Sources/Materials/PT_Fruit_Tree_Opaque_mat.mat
  artifactKey: Guid(3922c043c1c52cb47a7b1bfed562a4b6) Importer(815301076,1909f56bfc062723c751e8b465ee728b)
Start importing Assets/Assets/Lowpoly Medieval Environments/Sources/Materials/PT_Fruit_Tree_Opaque_mat.mat using Guid(3922c043c1c52cb47a7b1bfed562a4b6) Importer(815301076,1909f56bfc062723c751e8b465ee728b)  -> (artifact id: '7adda0003b4486b015d3de57bbc681d5') in 0.142274 seconds
Number of updated asset objects reloaded before import = 0
Number of asset objects unloaded after import = 2
========================================================================
Received Import Request.
  Time since last request: 0.000126 seconds.
  path: Assets/Assets/Lowpoly Medieval Environments/Sources/Materials/PT_Pine_Tree_Trunk_Mat.mat
  artifactKey: Guid(f43a7dc4f39c5654a8211b83259e32a9) Importer(815301076,1909f56bfc062723c751e8b465ee728b)
Start importing Assets/Assets/Lowpoly Medieval Environments/Sources/Materials/PT_Pine_Tree_Trunk_Mat.mat using Guid(f43a7dc4f39c5654a8211b83259e32a9) Importer(815301076,1909f56bfc062723c751e8b465ee728b)  -> (artifact id: '3aefd816afc5a5d9bf65a7cacc0f9e54') in 0.005218 seconds
Number of updated asset objects reloaded before import = 0
Number of asset objects unloaded after import = 2
========================================================================
Received Import Request.
  Time since last request: 0.000095 seconds.
  path: Assets/Assets/Lowpoly Medieval Environments/Sources/Materials/PT_Mushrooms_mat.mat
  artifactKey: Guid(c522ec7c62be0c145bc320ad11705a67) Importer(815301076,1909f56bfc062723c751e8b465ee728b)
Start importing Assets/Assets/Lowpoly Medieval Environments/Sources/Materials/PT_Mushrooms_mat.mat using Guid(c522ec7c62be0c145bc320ad11705a67) Importer(815301076,1909f56bfc062723c751e8b465ee728b)  -> (artifact id: 'b69e8cb4af9b6d466e528b4e21cabe86') in 0.006121 seconds
Number of updated asset objects reloaded before import = 0
Number of asset objects unloaded after import = 2
========================================================================
Received Import Request.
  Time since last request: 0.000042 seconds.
  path: Assets/Assets/Lowpoly Medieval Environments/Sources/Materials/PT_Poppy_mat.mat
  artifactKey: Guid(67c85a5a0248e2a4a98e653c8e7eeb9e) Importer(815301076,1909f56bfc062723c751e8b465ee728b)
Start importing Assets/Assets/Lowpoly Medieval Environments/Sources/Materials/PT_Poppy_mat.mat using Guid(67c85a5a0248e2a4a98e653c8e7eeb9e) Importer(815301076,1909f56bfc062723c751e8b465ee728b)  -> (artifact id: 'd9050b5266d8e346849b2b8b52a66813') in 0.128010 seconds
Number of updated asset objects reloaded before import = 0
Number of asset objects unloaded after import = 2
========================================================================
Received Import Request.
  Time since last request: 0.000074 seconds.
  path: Assets/TextMesh Pro/Resources/Fonts & Materials/LiberationSans SDF - Fallback.asset
  artifactKey: Guid(2e498d1c8094910479dc3e1b768306a4) Importer(815301076,1909f56bfc062723c751e8b465ee728b)
Start importing Assets/TextMesh Pro/Resources/Fonts & Materials/LiberationSans SDF - Fallback.asset using Guid(2e498d1c8094910479dc3e1b768306a4) Importer(815301076,1909f56bfc062723c751e8b465ee728b)  -> (artifact id: '1313586f0e496e029a68470d35f40b15') in 0.064877 seconds
Number of updated asset objects reloaded before import = 0
Number of asset objects unloaded after import = 6
========================================================================
Received Import Request.
  Time since last request: 0.000034 seconds.
  path: Assets/TextMesh Pro/Resources/Fonts & Materials/LiberationSans SDF.asset
  artifactKey: Guid(8f586378b4e144a9851e7b34d9b748ee) Importer(815301076,1909f56bfc062723c751e8b465ee728b)
Start importing Assets/TextMesh Pro/Resources/Fonts & Materials/LiberationSans SDF.asset using Guid(8f586378b4e144a9851e7b34d9b748ee) Importer(815301076,1909f56bfc062723c751e8b465ee728b)  -> (artifact id: '6496f136bcc1f022eaa81e88b504dfde') in 0.018672 seconds
Number of updated asset objects reloaded before import = 0
Number of asset objects unloaded after import = 9
========================================================================
Received Prepare
Begin MonoManager ReloadAssembly
Thread 0x16f367000 may have been prematurely finalized
- Loaded All Assemblies, in  0.321 seconds
Refreshing native plugins compatible for Editor in 0.82 ms, found 2 plugins.
Native extension for WindowsStandalone target not found
Native extension for OSXStandalone target not found
Native extension for WebGL target not found
[Package Manager] Server::EnsureServerProcessIsRunning -- launch failed, reason: Unity was launched with the -noUpm command-line argument
[Package Manager] UpmClient::Send -- Unable to send message (not connected to UPM process).
[Package Manager] Cannot connect to Unity Package Manager local server
Mono: successfully reloaded assembly
- Finished resetting the current domain, in  0.769 seconds
Domain Reload Profiling: 1090ms
	BeginReloadAssembly (124ms)
		ExecutionOrderSort (0ms)
		DisableScriptedObjects (3ms)
		BackupInstance (0ms)
		ReleaseScriptingObjects (0ms)
		CreateAndSetChildDomain (60ms)
	RebuildCommonClasses (22ms)
	RebuildNativeTypeToScriptingClass (8ms)
	initialDomainReloadingComplete (12ms)
	LoadAllAssembliesAndSetupDomain (156ms)
		LoadAssemblies (178ms)
		RebuildTransferFunctionScriptingTraits (0ms)
		AnalyzeDomain (17ms)
			TypeCache.Refresh (12ms)
				TypeCache.ScanAssembly (0ms)
			ScanForSourceGeneratedMonoScriptInfo (0ms)
			ResolveRequiredComponents (4ms)
	FinalizeReload (769ms)
		ReleaseScriptCaches (0ms)
		RebuildScriptCaches (0ms)
		SetupLoadedEditorAssemblies (311ms)
			LogAssemblyErrors (0ms)
			InitializePlatformSupportModulesInManaged (4ms)
			SetLoadedEditorAssemblies (3ms)
			RefreshPlugins (0ms)
			BeforeProcessingInitializeOnLoad (31ms)
			ProcessInitializeOnLoadAttributes (264ms)
			ProcessInitializeOnLoadMethodAttributes (9ms)
			AfterProcessingInitializeOnLoad (1ms)
			EditorAssembliesLoaded (0ms)
		ExecutionOrderSort2 (0ms)
		AwakeInstancesAfterBackupRestoration (2ms)
Refreshing native plugins compatible for Editor in 0.99 ms, found 2 plugins.
Preloading 0 native plugins for Editor in 0.00 ms.
Unloading 3254 Unused Serialized files (Serialized files now loaded: 0)
Unloading 25 unused Assets / (103.0 KB). Loaded Objects now: 3847.
Memory consumption went from 183.1 MB to 183.0 MB.
Total: 16.650375 ms (FindLiveObjects: 0.187541 ms CreateObjectMapping: 0.078917 ms MarkObjects: 16.281333 ms  DeleteObjects: 0.102083 ms)

Prepare: number of updated asset objects reloaded= 0
AssetImportParameters requested are different than current active one (requested -> active):
  custom:container-demuxer-ogg: 62fdf1f143b41e24485cea50d1cbac27 -> 
  custom:video-decoder-ogg-theora: a1e56fd34408186e4bbccfd4996cb3dc -> 
  custom:CustomObjectIndexerAttribute: 9a22284fe3817be447336de3de66b15e -> 
  custom:container-demuxer-webm: 4f35f7cbe854078d1ac9338744f61a02 -> 
  custom:scripting/monoscript/fileName/Mangos.cs: 76f0e2adc5074ba2b8e7cf84fbf20dab -> 
  custom:container-muxer-webm: aa71ff27fc2769a1b78a27578f13a17b -> 
  custom:video-decoder-webm-vp8: 9c59270c3fd7afecdb556c50c9e8de78 -> 
  custom:SearchIndexIgnoredProperties: e643bd26f0fe6173181afceb89e7c659 -> 
  custom:AudioImporter_EditorPlatform: 3918e3fc78b5a79bad01e8451be0beb8 -> 
  custom:framework-osx-AVFoundation: e770b220cccbd017edd2c1fefb359320 -> 
  custom:video-encoder-webm-vp8: eb34c28f22e8b96e1ab97ce403110664 -> 
  custom:audio-decoder-ogg-vorbis: bf7c407c2cedff20999df2af8eb42d56 -> 
  custom:audio-encoder-webm-vorbis: bf7c407c2cedff20999df2af8eb42d56 -> 
========================================================================
Received Prepare
Begin MonoManager ReloadAssembly
Thread 0x16f367000 may have been prematurely finalized
- Loaded All Assemblies, in  0.303 seconds
Refreshing native plugins compatible for Editor in 0.84 ms, found 2 plugins.
Native extension for WindowsStandalone target not found
Native extension for OSXStandalone target not found
Native extension for WebGL target not found
[Package Manager] Server::EnsureServerProcessIsRunning -- launch failed, reason: Unity was launched with the -noUpm command-line argument
[Package Manager] UpmClient::Send -- Unable to send message (not connected to UPM process).
[Package Manager] Cannot connect to Unity Package Manager local server
Mono: successfully reloaded assembly
- Finished resetting the current domain, in  0.755 seconds
Domain Reload Profiling: 1058ms
	BeginReloadAssembly (102ms)
		ExecutionOrderSort (0ms)
		DisableScriptedObjects (3ms)
		BackupInstance (0ms)
		ReleaseScriptingObjects (0ms)
		CreateAndSetChildDomain (38ms)
	RebuildCommonClasses (21ms)
	RebuildNativeTypeToScriptingClass (8ms)
	initialDomainReloadingComplete (13ms)
	LoadAllAssembliesAndSetupDomain (159ms)
		LoadAssemblies (172ms)
		RebuildTransferFunctionScriptingTraits (0ms)
		AnalyzeDomain (20ms)
			TypeCache.Refresh (15ms)
				TypeCache.ScanAssembly (0ms)
			ScanForSourceGeneratedMonoScriptInfo (0ms)
			ResolveRequiredComponents (4ms)
	FinalizeReload (756ms)
		ReleaseScriptCaches (0ms)
		RebuildScriptCaches (0ms)
		SetupLoadedEditorAssemblies (316ms)
			LogAssemblyErrors (0ms)
			InitializePlatformSupportModulesInManaged (5ms)
			SetLoadedEditorAssemblies (3ms)
			RefreshPlugins (0ms)
			BeforeProcessingInitializeOnLoad (32ms)
			ProcessInitializeOnLoadAttributes (264ms)
			ProcessInitializeOnLoadMethodAttributes (11ms)
			AfterProcessingInitializeOnLoad (1ms)
			EditorAssembliesLoaded (0ms)
		ExecutionOrderSort2 (0ms)
		AwakeInstancesAfterBackupRestoration (2ms)
Refreshing native plugins compatible for Editor in 1.00 ms, found 2 plugins.
Preloading 0 native plugins for Editor in 0.00 ms.
Unloading 3255 Unused Serialized files (Serialized files now loaded: 0)
Unloading 25 unused Assets / (103.0 KB). Loaded Objects now: 3862.
Memory consumption went from 191.2 MB to 191.1 MB.
Total: 6.497834 ms (FindLiveObjects: 0.254833 ms CreateObjectMapping: 0.109417 ms MarkObjects: 6.039375 ms  DeleteObjects: 0.092792 ms)

Prepare: number of updated asset objects reloaded= 0
AssetImportParameters requested are different than current active one (requested -> active):
  custom:container-demuxer-ogg: 62fdf1f143b41e24485cea50d1cbac27 -> 
  custom:video-decoder-ogg-theora: a1e56fd34408186e4bbccfd4996cb3dc -> 
  custom:CustomObjectIndexerAttribute: 9a22284fe3817be447336de3de66b15e -> 
  custom:container-demuxer-webm: 4f35f7cbe854078d1ac9338744f61a02 -> 
  custom:scripting/monoscript/fileName/Mangos.cs: 76f0e2adc5074ba2b8e7cf84fbf20dab -> 
  custom:container-muxer-webm: aa71ff27fc2769a1b78a27578f13a17b -> 
  custom:video-decoder-webm-vp8: 9c59270c3fd7afecdb556c50c9e8de78 -> 
  custom:SearchIndexIgnoredProperties: e643bd26f0fe6173181afceb89e7c659 -> 
  custom:AudioImporter_EditorPlatform: 3918e3fc78b5a79bad01e8451be0beb8 -> 
  custom:framework-osx-AVFoundation: e770b220cccbd017edd2c1fefb359320 -> 
  custom:video-encoder-webm-vp8: eb34c28f22e8b96e1ab97ce403110664 -> 
  custom:audio-decoder-ogg-vorbis: bf7c407c2cedff20999df2af8eb42d56 -> 
  custom:audio-encoder-webm-vorbis: bf7c407c2cedff20999df2af8eb42d56 -> 
========================================================================
Received Prepare
Begin MonoManager ReloadAssembly
Thread 0x16f367000 may have been prematurely finalized
- Loaded All Assemblies, in  0.919 seconds
Refreshing native plugins compatible for Editor in 1.32 ms, found 2 plugins.
Native extension for WindowsStandalone target not found
Native extension for OSXStandalone target not found
Native extension for WebGL target not found
[Package Manager] Server::EnsureServerProcessIsRunning -- launch failed, reason: Unity was launched with the -noUpm command-line argument
[Package Manager] UpmClient::Send -- Unable to send message (not connected to UPM process).
[Package Manager] Cannot connect to Unity Package Manager local server
Mono: successfully reloaded assembly
- Finished resetting the current domain, in  1.040 seconds
Domain Reload Profiling: 1961ms
	BeginReloadAssembly (410ms)
		ExecutionOrderSort (0ms)
		DisableScriptedObjects (3ms)
		BackupInstance (0ms)
		ReleaseScriptingObjects (0ms)
		CreateAndSetChildDomain (212ms)
	RebuildCommonClasses (44ms)
	RebuildNativeTypeToScriptingClass (16ms)
	initialDomainReloadingComplete (31ms)
	LoadAllAssembliesAndSetupDomain (419ms)
		LoadAssemblies (511ms)
		RebuildTransferFunctionScriptingTraits (0ms)
		AnalyzeDomain (61ms)
			TypeCache.Refresh (43ms)
				TypeCache.ScanAssembly (4ms)
			ScanForSourceGeneratedMonoScriptInfo (11ms)
			ResolveRequiredComponents (5ms)
	FinalizeReload (1041ms)
		ReleaseScriptCaches (0ms)
		RebuildScriptCaches (0ms)
		SetupLoadedEditorAssemblies (362ms)
			LogAssemblyErrors (0ms)
			InitializePlatformSupportModulesInManaged (6ms)
			SetLoadedEditorAssemblies (3ms)
			RefreshPlugins (0ms)
			BeforeProcessingInitializeOnLoad (34ms)
			ProcessInitializeOnLoadAttributes (307ms)
			ProcessInitializeOnLoadMethodAttributes (11ms)
			AfterProcessingInitializeOnLoad (1ms)
			EditorAssembliesLoaded (0ms)
		ExecutionOrderSort2 (0ms)
		AwakeInstancesAfterBackupRestoration (2ms)
Refreshing native plugins compatible for Editor in 1.03 ms, found 2 plugins.
Preloading 0 native plugins for Editor in 0.00 ms.
Unloading 3255 Unused Serialized files (Serialized files now loaded: 0)
Unloading 25 unused Assets / (103.0 KB). Loaded Objects now: 3877.
Memory consumption went from 199.2 MB to 199.1 MB.
Total: 2.999625 ms (FindLiveObjects: 0.182333 ms CreateObjectMapping: 0.085750 ms MarkObjects: 2.678667 ms  DeleteObjects: 0.052417 ms)

Prepare: number of updated asset objects reloaded= 0
AssetImportParameters requested are different than current active one (requested -> active):
  custom:scripting/monoscript/fileName/WEBMRecorderSettingsEditor.cs: 5559c87f45d3b65fac8d5ac4ef5e81c8 -> 
  custom:scripting/monoscript/fileName/UIElementHelper.cs: 9f9438adfe3361012ea6280d4cdb2df4 -> 
  custom:scripting/monoscript/fileName/AOVCameraInput.cs: c23c8ce885672bc57e25263b3efd067a -> 
  custom:scripting/monoscript/fileName/BaseTextureRecorder.cs: 90647cc400823b41df847a6cbfc29026 -> 
  custom:scripting/monoscript/fileName/Recorder.cs: a7e319d512627774f8215ba0b76f0bcb -> 
  custom:scripting/monoscript/fileName/AudioRecorder.cs: 89550121570f22445b4a1b28daea3cf9 -> 
  custom:scripting/monoscript/fileName/PanelSplitter.cs: 5ff6c6e385b6b12ca322a9c92ac6f371 -> 
  custom:scripting/monoscript/fileName/ImageRecorderSettings.cs: a7ab05fac9382c03607c40fe73956ed6 -> 
  custom:scripting/monoscript/fileName/RecorderClip.cs: 897017f45cb3c30f306724d1fa17a8fe -> 
  custom:scripting/monoscript/fileName/GIFRecorderSettings.cs: 979f88ae1e7731daed242ab2fdebbc0e -> 
  custom:container-demuxer-ogg: 62fdf1f143b41e24485cea50d1cbac27 -> 
  custom:scripting/monoscript/fileName/MovieRecorder.cs: 024785cf83e1399f425b2aa115d22e2b -> 
  custom:scripting/monoscript/fileName/RecorderControllerSettingsPresetEditor.cs: 49aed206ae65ed5ac6b420f7104cd52d -> 
  custom:scripting/monoscript/fileName/AudioInput.cs: 499e96d8f0b35d362bd956c0975bb873 -> 
  custom:scripting/monoscript/fileName/WEBMRecorderSettings.cs: c176c43abbe456aeea55c2aef862801b -> 
  custom:scripting/monoscript/fileName/RecorderControllerSettingsPreset.cs: 78b391c1384ac60213ef58d50e78d553 -> 
  custom:scripting/monoscript/fileName/GameViewInputSettings.cs: a7ae22123f532f5bbcb39c654c998b57 -> 
  custom:scripting/monoscript/fileName/GameViewInputPropertyDrawer.cs: ae2c8a99c5e33d3d1ffc8232415130e8 -> 
  custom:scripting/monoscript/fileName/Camera360Input.cs: dc473b118c57e0734b0cd3476e333c06 -> 
  custom:scripting/monoscript/fileName/RecorderPreferencesSettingsProvider.cs: d92d314b87f7c2170e267636ebf38224 -> 
  custom:scripting/monoscript/fileName/RecorderBindings.cs: ac25db5b587307cfea909607f62e5641 -> 
  custom:video-decoder-ogg-theora: a1e56fd34408186e4bbccfd4996cb3dc -> 
  custom:scripting/monoscript/fileName/GIFWrapper.cs: 6ef8898a12699129e8f81f06a649cad1 -> 
  custom:scripting/monoscript/fileName/SceneHook.cs: 80fa8928b499d44515dd60e0bc895128 -> 
  custom:scripting/monoscript/fileName/AnimationInput.cs: e810137278708a698c5ccddaeb1a1e64 -> 
  custom:scripting/monoscript/fileName/OutputResolutionPropertyDrawer.cs: 0e33ffdf424417a2e685685cfc04d4b1 -> 
  custom:scripting/monoscript/fileName/EnumHelper.cs: 117b5609cc2a1ae41785cd0c8767815f -> 
  custom:scripting/monoscript/fileName/OutputPath.cs: ee51fcffcd8929d224a5e3fb152d5f62 -> 
  custom:scripting/monoscript/fileName/FileNameGeneratorDrawer.cs: a3ea71dec141084df9b7ffa19c11e2cb -> 
  custom:scripting/monoscript/fileName/RecorderPreferencesWindowGUIScope.cs: 7a2eba6fcb6829ea8b200991a02c9c06 -> 
  custom:scripting/monoscript/fileName/AspectRatio.cs: 18e3efa554f8258b676d4de53e38b642 -> 
  custom:scripting/monoscript/fileName/CameraInputSettings.cs: 6738f6dd994f658d2cbf6f5f3ba05a0e -> 
  custom:scripting/monoscript/fileName/RefHandle.cs: 90647cc400823b41df847a6cbfc29026 -> 
  custom:scripting/monoscript/fileName/CameraCapture.cs: c6dcba1380d9a4fa09f4e36182a45a73 -> 
  custom:scripting/monoscript/fileName/RecorderControllerSettings.cs: 989e0caa64af9b76551d4ff6bd15f598 -> 
  custom:scripting/monoscript/fileName/TargetedPropertyDrawer.cs: 90647cc400823b41df847a6cbfc29026 -> 
  custom:scripting/monoscript/fileName/MovieRecorderSettings.cs: 02a667a67b113b1f65e3fcadcc882513 -> 
  custom:scripting/monoscript/fileName/RenderTextureInputSettings.cs: ebca820667a63031a7597db85d26451a -> 
  custom:scripting/monoscript/fileName/ImageRecorderEditor.cs: d3134ae4c1dfd8e056bace11130b7692 -> 
  custom:scripting/monoscript/fileName/ProResEncoderSettings.cs: 4aca03881946a7fe9acacf199434009e -> 
  custom:scripting/monoscript/fileName/_FrameRequestComponent.cs: b34f171daaafc65da55ea68e2ed89f2b -> 
  custom:scripting/monoscript/fileName/RenderTextureInput.cs: 5dea77837ae3c82bb14643cd82dc06dc -> 
  custom:scripting/monoscript/fileName/RecorderAnalytics.cs: 0fa40093f6ac3fe75e92d746d563e5ee -> 
  custom:scripting/monoscript/fileName/MP4RecorderSettingsEditor.cs: 68a64b16a7961d71fa7286fd1f782e9b -> 
  custom:scripting/monoscript/fileName/RecorderBindingsEditor.cs: f7451a0e1cea6404b2976d2b2c42e273 -> 
  custom:scripting/monoscript/fileName/BaseRenderTextureInput.cs: 5dc13661a5a0dca5d09ca211933a44e2 -> 
  custom:scripting/monoscript/fileName/StatusBarHelper.cs: da04a6ed046f8a62f416d5d3ea415bef -> 
  custom:scripting/precompiled-assembly-types:Unity.Recorder: bd5378c99f6216e06dd6e2c2a60a86a4 -> 
  custom:CustomObjectIndexerAttribute: 9a22284fe3817be447336de3de66b15e -> 
  custom:scripting/monoscript/fileName/Camera360InputSettings.cs: 3d5eaf1cb3a9df6f9d1d52f3c3018c46 -> 
  custom:scripting/monoscript/fileName/PNGRecorderSettingsEditor.cs: 4970e6657bb34f7efc2c7d8168c7358b -> 
  custom:scripting/monoscript/fileName/ImageHeightSelector.cs: d1a7972bf1d79d90f09ab23c718afe39 -> 
  custom:scripting/monoscript/fileName/AnimationInputSettings.cs: d64a99ebbd13660e9264cb4111ab9832 -> 
  custom:scripting/monoscript/fileName/MP4RecorderSettings.cs: 551f5535c05b86d6ee91684eced14987 -> 
  custom:scripting/monoscript/fileName/RecorderPreferencesSettings.cs: 761b0a55fc5e50239a1d0c4bfc968274 -> 
  custom:container-demuxer-webm: 4f35f7cbe854078d1ac9338744f61a02 -> 
  custom:scripting/monoscript/fileName/RecorderSettingsPrefsEditor.cs: ba9e697f1d269c2c960a41bc543fa408 -> 
  custom:scripting/monoscript/fileName/ProResWrapper.cs: 712515ef615766c98115c6a20d85d6c8 -> 
  custom:scripting/monoscript/fileName/RecordModePropertyDrawer.cs: 165332db07362bbcab2d8dc6d1e1dfda -> 
  custom:scripting/monoscript/fileName/ImageInputSettings.cs: 98a2aedd167d40f01804b04845eeaf15 -> 
  custom:scripting/monoscript/fileName/SerializableObjHelper.cs: f19f181f3f05e8e393225dd7030fb66a -> 
  custom:scripting/monoscript/fileName/InputPropertyDrawer.cs: 90647cc400823b41df847a6cbfc29026 -> 
  custom:scripting/monoscript/fileName/AudioInputSettings.cs: a2c930fca1dd5e27705fbacf39727bb4 -> 
  custom:scripting/monoscript/fileName/InputSettings.cs: 35c56ce5488c6b464726305dcbd33b3d -> 
  custom:scripting/monoscript/fileName/RecorderEditor.cs: 736e59ba52eea987abc47f36a836e575 -> 
  custom:scripting/monoscript/fileName/AudioRecorderSettings.cs: 0b00f2c93558486cc61a06f270f43fea -> 
  custom:scripting/monoscript/fileName/RecordersInventory.cs: fb714c8df18f9b7fc7f3361f604ae3dc -> 
  custom:scripting/monoscript/fileName/BaseFCRecorderSettings.cs: fab928553cedb8703ac192d6cf7b6294 -> 
  custom:scripting/monoscript/fileName/AOVRecorderSettings.cs: cdc731153cd2f1f739300a28ea6a6608 -> 
  custom:scripting/monoscript/fileName/EXRCompressionTypeDrawer.cs: 301cb614ecf84a4dab346c5f76ea2016 -> 
  custom:scripting/monoscript/fileName/AOVRecorder.cs: c53e83f1863b3ea80b6df3885cdb8c82 -> 
  custom:scripting/monoscript/fileName/IEncoderSettings.cs: c7d04fadacf538db841606cc656ae724 -> 
  custom:scripting/monoscript/fileName/ShutterProfileTypePropertyDrawer.cs: 18a32c647eca27716eabcb5a44f00e32 -> 
  custom:scripting/monoscript/fileName/MovieRecorderEditor.cs: eb00ddb8a76b8dfb7c88b7826a49d38b -> 
  custom:scripting/monoscript/fileName/RenderTextureInputSettingsPropertyDrawer.cs: 809602b52454cd1e6229756218a8f453 -> 
  custom:scripting/monoscript/fileName/RecorderPlayableBehaviour.cs: 80165a21f4cd0dda690f708a19d389bd -> 
  custom:scripting/monoscript/fileName/GifEncoderSettingsPropertyDrawer.cs: b36c9a7eaaefccda514b23d7e14761ca -> 
  custom:scripting/monoscript/fileName/PNGRecorder.cs: 08fd40f88cb6b18c96882f263639f57d -> 
  custom:scripting/monoscript/fileName/CameraInputSettingsPropertyDrawer.cs: 91928abf1abf88be098cb088d896aec5 -> 
  custom:scripting/monoscript/fileName/AudioRecorderEditor.cs: 565168dec291afe3fa470657cfc2c123 -> 
  custom:scripting/monoscript/fileName/Mangos.cs: 76f0e2adc5074ba2b8e7cf84fbf20dab -> 
  custom:scripting/monoscript/fileName/AOVRecorderEditor.cs: 5ca53ccd6d7645709639507726114395 -> 
  custom:container-muxer-webm: aa71ff27fc2769a1b78a27578f13a17b -> 
  custom:video-decoder-webm-vp8: 9c59270c3fd7afecdb556c50c9e8de78 -> 
  custom:scripting/monoscript/fileName/RecordingSession.cs: f3ad08157c278a036224ca395f350890 -> 
  custom:scripting/monoscript/fileName/GameViewSize.cs: f6128a6515fcafce6db32fcdfa107254 -> 
  custom:scripting/monoscript/fileName/UnityHelpers.cs: b3e077029b574be508585124a9d839ef -> 
  custom:SearchIndexIgnoredProperties: e643bd26f0fe6173181afceb89e7c659 -> 
  custom:scripting/monoscript/fileName/GIFRecorder.cs: c00ece885699fb9084deaccd3eb27518 -> 
  custom:AudioImporter_EditorPlatform: 3918e3fc78b5a79bad01e8451be0beb8 -> 
  custom:scripting/monoscript/fileName/EXRRecorder.cs: 3f576ce8ddd959d51a4d7ba1999ecdbb -> 
  custom:scripting/monoscript/fileName/WEBMRecorder.cs: 391b6b920cfbc02401ea522620320c93 -> 
  custom:scripting/monoscript/fileName/RenderTextureSampler.cs: 1a7b9abab9548e1054dc40d6e2fa0270 -> 
  custom:scripting/monoscript/fileName/GifEncoder.cs: 40f336d5c5042a8a04556b4c5804a538 -> 
  custom:scripting/monoscript/fileName/GenericRecorder.cs: 90647cc400823b41df847a6cbfc29026 -> 
  custom:scripting/monoscript/fileName/ImageInputSelector.cs: f55822da877594150873922341be92b6 -> 
  custom:scripting/monoscript/fileName/AnimationRecorderSettingsEditor.cs: db1294bf3d48be44b6e4b2f2cc100b02 -> 
  custom:scripting/monoscript/fileName/RecorderTrack.cs: fac9638ece7eb7daaa1302fa170613fd -> 
  custom:scripting/monoscript/fileName/InputSettingsSelector.cs: 499a4ec92267406782b5c4f3472d53b9 -> 
  custom:scripting/monoscript/fileName/FileNameGenerator.cs: 5c8b6eb5291c3311189e0dfadac99363 -> 
  custom:scripting/monoscript/fileName/RecorderItem.cs: b62d2fcb9547a248575727d8a1646db8 -> 
  custom:scripting/monoscript/fileName/TextureFlipper.cs: 825b503b2ddab9cbd8ebbf3038075092 -> 
  custom:scripting/monoscript/fileName/AccumulationSettings.cs: fb962f0c2333934b681b167574f5e1cd -> 
  custom:scripting/monoscript/fileName/Camera360InputPropertyDrawer.cs: af647a2fe91bec98139246321cac865d -> 
  custom:scripting/monoscript/fileName/RecorderClipEditor.cs: 947ad5ff1f968d7fc40767d187070964 -> 
  custom:scripting/monoscript/fileName/EXRRecorderSettingsEditor.cs: c520a04c5f01331f2c8800e289ef6d6f -> 
  custom:scripting/monoscript/fileName/CoreEncoder.cs: dfaed86e82ad12e6a2b6740a0fb35820 -> 
  custom:scripting/monoscript/fileName/PNGRecorderSettings.cs: 79a421225358808ff14dd88c0355d1b6 -> 
  custom:scripting/monoscript/fileName/AspectRatioPropertyDrawer.cs: 9f18568574138839573389bde3e660a7 -> 
  custom:scripting/monoscript/fileName/ProResEncoder.cs: b375bf2d41e3d89081c3f2d1a0823bf3 -> 
  custom:scripting/monoscript/fileName/CameraInput.cs: bf7e0df3caf9e500f6d1c98c99e165ba -> 
  custom:scripting/monoscript/fileName/RecorderSettings.cs: bc3ef26ac157af28e5460886c0d5ef2e -> 
  custom:scripting/monoscript/fileName/RecorderClipTimelineEditor.cs: 2995d9f50ebc9245c6e9bd75c56415fb -> 
  custom:scripting/monoscript/fileName/EncoderSettingsAttribute.cs: 8352396dc11cff58c65c429fdb4fc67e -> 
  custom:scripting/monoscript/fileName/MP4Recorder.cs: af531c4e1f6d23547da08837eb16b729 -> 
  custom:scripting/monoscript/fileName/EncoderTypeUtilities.cs: a12c4c78a6cd4fb6b93180d59ad77be8 -> 
  custom:framework-osx-AVFoundation: e770b220cccbd017edd2c1fefb359320 -> 
  custom:scripting/monoscript/fileName/PooledBufferAsyncGPUReadback.cs: 2a4e50c5dda177306c9ec935763c4378 -> 
  custom:scripting/monoscript/fileName/AnimationRecorder.cs: f749a4250195b5467bbf05e3a976b59f -> 
  custom:scripting/precompiled-assembly-types:Unity.Recorder.Base: 3fec19fdf10e3518c41e41a932f2042f -> 
  custom:scripting/monoscript/fileName/AnimationRecorderSettings.cs: 5cfb1544a40f93fe0ea879bb1361c877 -> 
  custom:scripting/monoscript/fileName/RenderTextureSamplerSettings.cs: 68adab84706346f2ecbdfd649ca9cf61 -> 
  custom:scripting/monoscript/fileName/RecordingContext.cs: af9af1e8b283703482ba133924b5585a -> 
  custom:scripting/monoscript/fileName/RecorderSelector.cs: c3cd2caacd181d6eff54dc260c4a1ffb -> 
  custom:video-encoder-webm-vp8: eb34c28f22e8b96e1ab97ce403110664 -> 
  custom:scripting/monoscript/fileName/RecorderInput.cs: 88fd8d8fd71b34ed7298a01f6c2d2e40 -> 
  custom:scripting/monoscript/fileName/RenderTextureSamplerPropertyDrawer.cs: b541817d9cc9b1341d2ddfa8823b718d -> 
  custom:scripting/monoscript/fileName/RecorderSettingsAttribute.cs: ddd228b25da7ba2ac10d13e1efacc875 -> 
  custom:audio-decoder-ogg-vorbis: bf7c407c2cedff20999df2af8eb42d56 -> 
  custom:scripting/monoscript/fileName/OutputPathDrawer.cs: cffc34c1be094e6caeb13ff3b26ca679 -> 
  custom:scripting/monoscript/fileName/EditorVersionsHelper.cs: 3ad9098caeeff0295dba8c0911f5333a -> 
  custom:scripting/monoscript/fileName/SettingAsset.cs: 7c3790954696ae83d71055079b387931 -> 
  custom:scripting/monoscript/fileName/OutputResolution.cs: 31c632d97e9a69bcc2ef10f6feb5bf62 -> 
  custom:scripting/monoscript/fileName/AccumulationSettingsPropertyDrawer.cs: bfc920db0de3c29c2967e88aac1c1027 -> 
  custom:scripting/monoscript/fileName/AnimationInputSettingsPropertyDrawer.cs: ebe1771fecebe7a93badf6354f59c990 -> 
  custom:scripting/monoscript/fileName/CoreEncoderSettings.cs: 2b5db1db3c1fa7de4175a7e143de3ce5 -> 
  custom:scripting/monoscript/fileName/VisualListItem.cs: 90647cc400823b41df847a6cbfc29026 -> 
  custom:scripting/monoscript/fileName/FrameRateProperyDrawer.cs: c478c798f5354f66af45b380be0629f9 -> 
  custom:scripting/monoscript/fileName/InputSettingsSelectorDrawer.cs: bca46dd5b59e2f574c94bef4cdb878fb -> 
  custom:scripting/monoscript/fileName/RecorderWindow.cs: 553a30d64d5ef1dcad6b00b4eeeb3829 -> 
  custom:scripting/monoscript/fileName/AOVCameraInputSettings.cs: 4d2fdf1142ce53d73cb43d39944ba516 -> 
  custom:scripting/monoscript/fileName/EnumProperyDrawer.cs: 90647cc400823b41df847a6cbfc29026 -> 
  custom:scripting/monoscript/fileName/AOVImageInputSelector.cs: b741d8d3a7cbb503c5bdf23d7e6792db -> 
  custom:scripting/monoscript/fileName/CoreEncoderSettingsPropertyDrawer.cs: c8bdf3420d844fd4604c0d0cf3815355 -> 
  custom:scripting/monoscript/fileName/GifEncoderSettings.cs: 812ca6afdf48b830953d76adab9d4030 -> 
  custom:scripting/monoscript/fileName/GIFRecorderSettingsEditor.cs: 4d0f46bcf58d188895fabae5334995ae -> 
  custom:scripting/monoscript/fileName/IEncoder.cs: 007c2ef621b0d92b5a7a6bae91d26090 -> 
  custom:scripting/monoscript/fileName/RecorderOptions.cs: 74782d297e80d8f56c0e05a7cde4e51d -> 
  custom:scripting/precompiled-assembly-types:Unity.Recorder.Editor: 002014c7e9fffb6838717851369a4c29 -> 
  custom:scripting/monoscript/fileName/ProResEncoderSettingsPropertyDrawer.cs: 68c25e6d4459336217d4b9e22eb707b4 -> 
  custom:scripting/monoscript/fileName/ImageRecorder.cs: b804c29bfc59a61db184c1d275fe4101 -> 
  custom:scripting/monoscript/fileName/EditableLabel.cs: 4f8fa2c6092744ed6607a411e3f617c0 -> 
  custom:scripting/monoscript/fileName/GameViewInput.cs: 596e7ffa2d11b2002176644af3247ea6 -> 
  custom:audio-encoder-webm-vorbis: bf7c407c2cedff20999df2af8eb42d56 -> 
  custom:scripting/monoscript/fileName/SerializedDictionnary.cs: 90647cc400823b41df847a6cbfc29026 -> 
  custom:scripting/monoscript/fileName/HammersleySequence.cs: b06601f044912976f668045b7d4c79a8 -> 
  custom:scripting/monoscript/fileName/_RecorderComponent.cs: 8c268d1df4e18643d83ea9c6eeba2d9f -> 
  custom:scripting/monoscript/fileName/IAccumulation.cs: 38dee62d444423165276e3254554d005 -> 
  custom:scripting/monoscript/fileName/RecorderController.cs: 5760bd2995080b8d0d9d9e88ab8933c6 -> 
  custom:scripting/monoscript/fileName/EXRRecorderSettings.cs: bf113df492cb5b25e11ec144a73c2f74 -> 
========================================================================
Received Prepare
Begin MonoManager ReloadAssembly
Thread 0x16f367000 may have been prematurely finalized
- Loaded All Assemblies, in  0.298 seconds
Refreshing native plugins compatible for Editor in 0.68 ms, found 2 plugins.
Native extension for WindowsStandalone target not found
Native extension for OSXStandalone target not found
Native extension for WebGL target not found
[Package Manager] Server::EnsureServerProcessIsRunning -- launch failed, reason: Unity was launched with the -noUpm command-line argument
[Package Manager] UpmClient::Send -- Unable to send message (not connected to UPM process).
[Package Manager] Cannot connect to Unity Package Manager local server
Mono: successfully reloaded assembly
- Finished resetting the current domain, in  0.727 seconds
Domain Reload Profiling: 1025ms
	BeginReloadAssembly (98ms)
		ExecutionOrderSort (0ms)
		DisableScriptedObjects (3ms)
		BackupInstance (0ms)
		ReleaseScriptingObjects (0ms)
		CreateAndSetChildDomain (39ms)
	RebuildCommonClasses (22ms)
	RebuildNativeTypeToScriptingClass (8ms)
	initialDomainReloadingComplete (14ms)
	LoadAllAssembliesAndSetupDomain (155ms)
		LoadAssemblies (175ms)
		RebuildTransferFunctionScriptingTraits (0ms)
		AnalyzeDomain (13ms)
			TypeCache.Refresh (8ms)
				TypeCache.ScanAssembly (0ms)
			ScanForSourceGeneratedMonoScriptInfo (0ms)
			ResolveRequiredComponents (4ms)
	FinalizeReload (727ms)
		ReleaseScriptCaches (0ms)
		RebuildScriptCaches (0ms)
		SetupLoadedEditorAssemblies (315ms)
			LogAssemblyErrors (0ms)
			InitializePlatformSupportModulesInManaged (4ms)
			SetLoadedEditorAssemblies (3ms)
			RefreshPlugins (0ms)
			BeforeProcessingInitializeOnLoad (31ms)
			ProcessInitializeOnLoadAttributes (267ms)
			ProcessInitializeOnLoadMethodAttributes (10ms)
			AfterProcessingInitializeOnLoad (1ms)
			EditorAssembliesLoaded (0ms)
		ExecutionOrderSort2 (0ms)
		AwakeInstancesAfterBackupRestoration (2ms)
Refreshing native plugins compatible for Editor in 1.62 ms, found 2 plugins.
Preloading 0 native plugins for Editor in 0.00 ms.
Unloading 3255 Unused Serialized files (Serialized files now loaded: 0)
Unloading 25 unused Assets / (103.0 KB). Loaded Objects now: 3892.
Memory consumption went from 207.0 MB to 206.9 MB.
Total: 21.520166 ms (FindLiveObjects: 0.564917 ms CreateObjectMapping: 0.387208 ms MarkObjects: 20.321584 ms  DeleteObjects: 0.243625 ms)

Prepare: number of updated asset objects reloaded= 0
AssetImportParameters requested are different than current active one (requested -> active):
  custom:scripting/monoscript/fileName/WEBMRecorderSettingsEditor.cs: 5559c87f45d3b65fac8d5ac4ef5e81c8 -> 
  custom:scripting/monoscript/fileName/UIElementHelper.cs: 9f9438adfe3361012ea6280d4cdb2df4 -> 
  custom:scripting/monoscript/fileName/AOVCameraInput.cs: c23c8ce885672bc57e25263b3efd067a -> 
  custom:scripting/monoscript/fileName/BaseTextureRecorder.cs: 90647cc400823b41df847a6cbfc29026 -> 
  custom:scripting/monoscript/fileName/Recorder.cs: a7e319d512627774f8215ba0b76f0bcb -> 
  custom:scripting/monoscript/fileName/AudioRecorder.cs: 89550121570f22445b4a1b28daea3cf9 -> 
  custom:scripting/monoscript/fileName/PanelSplitter.cs: 5ff6c6e385b6b12ca322a9c92ac6f371 -> 
  custom:scripting/monoscript/fileName/ImageRecorderSettings.cs: a7ab05fac9382c03607c40fe73956ed6 -> 
  custom:scripting/monoscript/fileName/RecorderClip.cs: 897017f45cb3c30f306724d1fa17a8fe -> 
  custom:scripting/monoscript/fileName/GIFRecorderSettings.cs: 979f88ae1e7731daed242ab2fdebbc0e -> 
  custom:container-demuxer-ogg: 62fdf1f143b41e24485cea50d1cbac27 -> 
  custom:scripting/monoscript/fileName/MovieRecorder.cs: 024785cf83e1399f425b2aa115d22e2b -> 
  custom:scripting/monoscript/fileName/RecorderControllerSettingsPresetEditor.cs: 49aed206ae65ed5ac6b420f7104cd52d -> 
  custom:scripting/monoscript/fileName/AudioInput.cs: 499e96d8f0b35d362bd956c0975bb873 -> 
  custom:scripting/monoscript/fileName/WEBMRecorderSettings.cs: c176c43abbe456aeea55c2aef862801b -> 
  custom:scripting/monoscript/fileName/RecorderControllerSettingsPreset.cs: 78b391c1384ac60213ef58d50e78d553 -> 
  custom:scripting/monoscript/fileName/GameViewInputSettings.cs: a7ae22123f532f5bbcb39c654c998b57 -> 
  custom:scripting/monoscript/fileName/GameViewInputPropertyDrawer.cs: ae2c8a99c5e33d3d1ffc8232415130e8 -> 
  custom:scripting/monoscript/fileName/Camera360Input.cs: dc473b118c57e0734b0cd3476e333c06 -> 
  custom:scripting/monoscript/fileName/RecorderPreferencesSettingsProvider.cs: d92d314b87f7c2170e267636ebf38224 -> 
  custom:scripting/monoscript/fileName/RecorderBindings.cs: ac25db5b587307cfea909607f62e5641 -> 
  custom:video-decoder-ogg-theora: a1e56fd34408186e4bbccfd4996cb3dc -> 
  custom:scripting/monoscript/fileName/GIFWrapper.cs: 6ef8898a12699129e8f81f06a649cad1 -> 
  custom:scripting/monoscript/fileName/SceneHook.cs: 80fa8928b499d44515dd60e0bc895128 -> 
  custom:scripting/monoscript/fileName/AnimationInput.cs: e810137278708a698c5ccddaeb1a1e64 -> 
  custom:scripting/monoscript/fileName/OutputResolutionPropertyDrawer.cs: 0e33ffdf424417a2e685685cfc04d4b1 -> 
  custom:scripting/monoscript/fileName/EnumHelper.cs: 117b5609cc2a1ae41785cd0c8767815f -> 
  custom:scripting/monoscript/fileName/OutputPath.cs: ee51fcffcd8929d224a5e3fb152d5f62 -> 
  custom:scripting/monoscript/fileName/FileNameGeneratorDrawer.cs: a3ea71dec141084df9b7ffa19c11e2cb -> 
  custom:scripting/monoscript/fileName/RecorderPreferencesWindowGUIScope.cs: 7a2eba6fcb6829ea8b200991a02c9c06 -> 
  custom:scripting/monoscript/fileName/AspectRatio.cs: 18e3efa554f8258b676d4de53e38b642 -> 
  custom:scripting/monoscript/fileName/CameraInputSettings.cs: 6738f6dd994f658d2cbf6f5f3ba05a0e -> 
  custom:scripting/monoscript/fileName/RefHandle.cs: 90647cc400823b41df847a6cbfc29026 -> 
  custom:scripting/monoscript/fileName/CameraCapture.cs: c6dcba1380d9a4fa09f4e36182a45a73 -> 
  custom:scripting/monoscript/fileName/RecorderControllerSettings.cs: 989e0caa64af9b76551d4ff6bd15f598 -> 
  custom:scripting/monoscript/fileName/TargetedPropertyDrawer.cs: 90647cc400823b41df847a6cbfc29026 -> 
  custom:scripting/monoscript/fileName/MovieRecorderSettings.cs: 02a667a67b113b1f65e3fcadcc882513 -> 
  custom:scripting/monoscript/fileName/RenderTextureInputSettings.cs: ebca820667a63031a7597db85d26451a -> 
  custom:scripting/monoscript/fileName/ImageRecorderEditor.cs: d3134ae4c1dfd8e056bace11130b7692 -> 
  custom:scripting/monoscript/fileName/ProResEncoderSettings.cs: 4aca03881946a7fe9acacf199434009e -> 
  custom:scripting/monoscript/fileName/_FrameRequestComponent.cs: b34f171daaafc65da55ea68e2ed89f2b -> 
  custom:scripting/monoscript/fileName/RenderTextureInput.cs: 5dea77837ae3c82bb14643cd82dc06dc -> 
  custom:scripting/monoscript/fileName/RecorderAnalytics.cs: 0fa40093f6ac3fe75e92d746d563e5ee -> 
  custom:scripting/monoscript/fileName/MP4RecorderSettingsEditor.cs: 68a64b16a7961d71fa7286fd1f782e9b -> 
  custom:scripting/monoscript/fileName/RecorderBindingsEditor.cs: f7451a0e1cea6404b2976d2b2c42e273 -> 
  custom:scripting/monoscript/fileName/BaseRenderTextureInput.cs: 5dc13661a5a0dca5d09ca211933a44e2 -> 
  custom:scripting/monoscript/fileName/StatusBarHelper.cs: da04a6ed046f8a62f416d5d3ea415bef -> 
  custom:scripting/precompiled-assembly-types:Unity.Recorder: bd5378c99f6216e06dd6e2c2a60a86a4 -> 
  custom:CustomObjectIndexerAttribute: 9a22284fe3817be447336de3de66b15e -> 
  custom:scripting/monoscript/fileName/Camera360InputSettings.cs: 3d5eaf1cb3a9df6f9d1d52f3c3018c46 -> 
  custom:scripting/monoscript/fileName/PNGRecorderSettingsEditor.cs: 4970e6657bb34f7efc2c7d8168c7358b -> 
  custom:scripting/monoscript/fileName/ImageHeightSelector.cs: d1a7972bf1d79d90f09ab23c718afe39 -> 
  custom:scripting/monoscript/fileName/AnimationInputSettings.cs: d64a99ebbd13660e9264cb4111ab9832 -> 
  custom:scripting/monoscript/fileName/MP4RecorderSettings.cs: 551f5535c05b86d6ee91684eced14987 -> 
  custom:scripting/monoscript/fileName/RecorderPreferencesSettings.cs: 761b0a55fc5e50239a1d0c4bfc968274 -> 
  custom:container-demuxer-webm: 4f35f7cbe854078d1ac9338744f61a02 -> 
  custom:scripting/monoscript/fileName/RecorderSettingsPrefsEditor.cs: ba9e697f1d269c2c960a41bc543fa408 -> 
  custom:scripting/monoscript/fileName/ProResWrapper.cs: 712515ef615766c98115c6a20d85d6c8 -> 
  custom:scripting/monoscript/fileName/RecordModePropertyDrawer.cs: 165332db07362bbcab2d8dc6d1e1dfda -> 
  custom:scripting/monoscript/fileName/ImageInputSettings.cs: 98a2aedd167d40f01804b04845eeaf15 -> 
  custom:scripting/monoscript/fileName/SerializableObjHelper.cs: f19f181f3f05e8e393225dd7030fb66a -> 
  custom:scripting/monoscript/fileName/InputPropertyDrawer.cs: 90647cc400823b41df847a6cbfc29026 -> 
  custom:scripting/monoscript/fileName/AudioInputSettings.cs: a2c930fca1dd5e27705fbacf39727bb4 -> 
  custom:scripting/monoscript/fileName/InputSettings.cs: 35c56ce5488c6b464726305dcbd33b3d -> 
  custom:scripting/monoscript/fileName/RecorderEditor.cs: 736e59ba52eea987abc47f36a836e575 -> 
  custom:scripting/monoscript/fileName/AudioRecorderSettings.cs: 0b00f2c93558486cc61a06f270f43fea -> 
  custom:scripting/monoscript/fileName/RecordersInventory.cs: fb714c8df18f9b7fc7f3361f604ae3dc -> 
  custom:scripting/monoscript/fileName/BaseFCRecorderSettings.cs: fab928553cedb8703ac192d6cf7b6294 -> 
  custom:scripting/monoscript/fileName/AOVRecorderSettings.cs: cdc731153cd2f1f739300a28ea6a6608 -> 
  custom:scripting/monoscript/fileName/EXRCompressionTypeDrawer.cs: 301cb614ecf84a4dab346c5f76ea2016 -> 
  custom:scripting/monoscript/fileName/AOVRecorder.cs: c53e83f1863b3ea80b6df3885cdb8c82 -> 
  custom:scripting/monoscript/fileName/IEncoderSettings.cs: c7d04fadacf538db841606cc656ae724 -> 
  custom:scripting/monoscript/fileName/ShutterProfileTypePropertyDrawer.cs: 18a32c647eca27716eabcb5a44f00e32 -> 
  custom:scripting/monoscript/fileName/MovieRecorderEditor.cs: eb00ddb8a76b8dfb7c88b7826a49d38b -> 
  custom:scripting/monoscript/fileName/RenderTextureInputSettingsPropertyDrawer.cs: 809602b52454cd1e6229756218a8f453 -> 
  custom:scripting/monoscript/fileName/RecorderPlayableBehaviour.cs: 80165a21f4cd0dda690f708a19d389bd -> 
  custom:scripting/monoscript/fileName/GifEncoderSettingsPropertyDrawer.cs: b36c9a7eaaefccda514b23d7e14761ca -> 
  custom:scripting/monoscript/fileName/PNGRecorder.cs: 08fd40f88cb6b18c96882f263639f57d -> 
  custom:scripting/monoscript/fileName/CameraInputSettingsPropertyDrawer.cs: 91928abf1abf88be098cb088d896aec5 -> 
  custom:scripting/monoscript/fileName/AudioRecorderEditor.cs: 565168dec291afe3fa470657cfc2c123 -> 
  custom:scripting/monoscript/fileName/Mangos.cs: 76f0e2adc5074ba2b8e7cf84fbf20dab -> 
  custom:scripting/monoscript/fileName/AOVRecorderEditor.cs: 5ca53ccd6d7645709639507726114395 -> 
  custom:container-muxer-webm: aa71ff27fc2769a1b78a27578f13a17b -> 
  custom:video-decoder-webm-vp8: 9c59270c3fd7afecdb556c50c9e8de78 -> 
  custom:scripting/monoscript/fileName/RecordingSession.cs: f3ad08157c278a036224ca395f350890 -> 
  custom:scripting/monoscript/fileName/GameViewSize.cs: f6128a6515fcafce6db32fcdfa107254 -> 
  custom:scripting/monoscript/fileName/UnityHelpers.cs: b3e077029b574be508585124a9d839ef -> 
  custom:SearchIndexIgnoredProperties: e643bd26f0fe6173181afceb89e7c659 -> 
  custom:scripting/monoscript/fileName/GIFRecorder.cs: c00ece885699fb9084deaccd3eb27518 -> 
  custom:AudioImporter_EditorPlatform: 3918e3fc78b5a79bad01e8451be0beb8 -> 
  custom:scripting/monoscript/fileName/EXRRecorder.cs: 3f576ce8ddd959d51a4d7ba1999ecdbb -> 
  custom:scripting/monoscript/fileName/WEBMRecorder.cs: 391b6b920cfbc02401ea522620320c93 -> 
  custom:scripting/monoscript/fileName/RenderTextureSampler.cs: 1a7b9abab9548e1054dc40d6e2fa0270 -> 
  custom:scripting/monoscript/fileName/GifEncoder.cs: 40f336d5c5042a8a04556b4c5804a538 -> 
  custom:scripting/monoscript/fileName/GenericRecorder.cs: 90647cc400823b41df847a6cbfc29026 -> 
  custom:scripting/monoscript/fileName/ImageInputSelector.cs: f55822da877594150873922341be92b6 -> 
  custom:scripting/monoscript/fileName/AnimationRecorderSettingsEditor.cs: db1294bf3d48be44b6e4b2f2cc100b02 -> 
  custom:scripting/monoscript/fileName/RecorderTrack.cs: fac9638ece7eb7daaa1302fa170613fd -> 
  custom:scripting/monoscript/fileName/InputSettingsSelector.cs: 499a4ec92267406782b5c4f3472d53b9 -> 
  custom:scripting/monoscript/fileName/FileNameGenerator.cs: 5c8b6eb5291c3311189e0dfadac99363 -> 
  custom:scripting/monoscript/fileName/RecorderItem.cs: b62d2fcb9547a248575727d8a1646db8 -> 
  custom:scripting/monoscript/fileName/TextureFlipper.cs: 825b503b2ddab9cbd8ebbf3038075092 -> 
  custom:scripting/monoscript/fileName/AccumulationSettings.cs: fb962f0c2333934b681b167574f5e1cd -> 
  custom:scripting/monoscript/fileName/Camera360InputPropertyDrawer.cs: af647a2fe91bec98139246321cac865d -> 
  custom:scripting/monoscript/fileName/RecorderClipEditor.cs: 947ad5ff1f968d7fc40767d187070964 -> 
  custom:scripting/monoscript/fileName/EXRRecorderSettingsEditor.cs: c520a04c5f01331f2c8800e289ef6d6f -> 
  custom:scripting/monoscript/fileName/CoreEncoder.cs: dfaed86e82ad12e6a2b6740a0fb35820 -> 
  custom:scripting/monoscript/fileName/PNGRecorderSettings.cs: 79a421225358808ff14dd88c0355d1b6 -> 
  custom:scripting/monoscript/fileName/AspectRatioPropertyDrawer.cs: 9f18568574138839573389bde3e660a7 -> 
  custom:scripting/monoscript/fileName/ProResEncoder.cs: b375bf2d41e3d89081c3f2d1a0823bf3 -> 
  custom:scripting/monoscript/fileName/CameraInput.cs: bf7e0df3caf9e500f6d1c98c99e165ba -> 
  custom:scripting/monoscript/fileName/RecorderSettings.cs: bc3ef26ac157af28e5460886c0d5ef2e -> 
  custom:scripting/monoscript/fileName/RecorderClipTimelineEditor.cs: 2995d9f50ebc9245c6e9bd75c56415fb -> 
  custom:scripting/monoscript/fileName/EncoderSettingsAttribute.cs: 8352396dc11cff58c65c429fdb4fc67e -> 
  custom:scripting/monoscript/fileName/MP4Recorder.cs: af531c4e1f6d23547da08837eb16b729 -> 
  custom:scripting/monoscript/fileName/EncoderTypeUtilities.cs: a12c4c78a6cd4fb6b93180d59ad77be8 -> 
  custom:framework-osx-AVFoundation: e770b220cccbd017edd2c1fefb359320 -> 
  custom:scripting/monoscript/fileName/PooledBufferAsyncGPUReadback.cs: 2a4e50c5dda177306c9ec935763c4378 -> 
  custom:scripting/monoscript/fileName/AnimationRecorder.cs: f749a4250195b5467bbf05e3a976b59f -> 
  custom:scripting/precompiled-assembly-types:Unity.Recorder.Base: 3fec19fdf10e3518c41e41a932f2042f -> 
  custom:scripting/monoscript/fileName/AnimationRecorderSettings.cs: 5cfb1544a40f93fe0ea879bb1361c877 -> 
  custom:scripting/monoscript/fileName/RenderTextureSamplerSettings.cs: 68adab84706346f2ecbdfd649ca9cf61 -> 
  custom:scripting/monoscript/fileName/RecordingContext.cs: af9af1e8b283703482ba133924b5585a -> 
  custom:scripting/monoscript/fileName/RecorderSelector.cs: c3cd2caacd181d6eff54dc260c4a1ffb -> 
  custom:video-encoder-webm-vp8: eb34c28f22e8b96e1ab97ce403110664 -> 
  custom:scripting/monoscript/fileName/RecorderInput.cs: 88fd8d8fd71b34ed7298a01f6c2d2e40 -> 
  custom:scripting/monoscript/fileName/RenderTextureSamplerPropertyDrawer.cs: b541817d9cc9b1341d2ddfa8823b718d -> 
  custom:scripting/monoscript/fileName/RecorderSettingsAttribute.cs: ddd228b25da7ba2ac10d13e1efacc875 -> 
  custom:audio-decoder-ogg-vorbis: bf7c407c2cedff20999df2af8eb42d56 -> 
  custom:scripting/monoscript/fileName/OutputPathDrawer.cs: cffc34c1be094e6caeb13ff3b26ca679 -> 
  custom:scripting/monoscript/fileName/EditorVersionsHelper.cs: 3ad9098caeeff0295dba8c0911f5333a -> 
  custom:scripting/monoscript/fileName/SettingAsset.cs: 7c3790954696ae83d71055079b387931 -> 
  custom:scripting/monoscript/fileName/OutputResolution.cs: 31c632d97e9a69bcc2ef10f6feb5bf62 -> 
  custom:scripting/monoscript/fileName/AccumulationSettingsPropertyDrawer.cs: bfc920db0de3c29c2967e88aac1c1027 -> 
  custom:scripting/monoscript/fileName/AnimationInputSettingsPropertyDrawer.cs: ebe1771fecebe7a93badf6354f59c990 -> 
  custom:scripting/monoscript/fileName/CoreEncoderSettings.cs: 2b5db1db3c1fa7de4175a7e143de3ce5 -> 
  custom:scripting/monoscript/fileName/VisualListItem.cs: 90647cc400823b41df847a6cbfc29026 -> 
  custom:scripting/monoscript/fileName/FrameRateProperyDrawer.cs: c478c798f5354f66af45b380be0629f9 -> 
  custom:scripting/monoscript/fileName/InputSettingsSelectorDrawer.cs: bca46dd5b59e2f574c94bef4cdb878fb -> 
  custom:scripting/monoscript/fileName/RecorderWindow.cs: 553a30d64d5ef1dcad6b00b4eeeb3829 -> 
  custom:scripting/monoscript/fileName/AOVCameraInputSettings.cs: 4d2fdf1142ce53d73cb43d39944ba516 -> 
  custom:scripting/monoscript/fileName/EnumProperyDrawer.cs: 90647cc400823b41df847a6cbfc29026 -> 
  custom:scripting/monoscript/fileName/AOVImageInputSelector.cs: b741d8d3a7cbb503c5bdf23d7e6792db -> 
  custom:scripting/monoscript/fileName/CoreEncoderSettingsPropertyDrawer.cs: c8bdf3420d844fd4604c0d0cf3815355 -> 
  custom:scripting/monoscript/fileName/GifEncoderSettings.cs: 812ca6afdf48b830953d76adab9d4030 -> 
  custom:scripting/monoscript/fileName/GIFRecorderSettingsEditor.cs: 4d0f46bcf58d188895fabae5334995ae -> 
  custom:scripting/monoscript/fileName/IEncoder.cs: 007c2ef621b0d92b5a7a6bae91d26090 -> 
  custom:scripting/monoscript/fileName/RecorderOptions.cs: 74782d297e80d8f56c0e05a7cde4e51d -> 
  custom:scripting/precompiled-assembly-types:Unity.Recorder.Editor: 002014c7e9fffb6838717851369a4c29 -> 
  custom:scripting/monoscript/fileName/ProResEncoderSettingsPropertyDrawer.cs: 68c25e6d4459336217d4b9e22eb707b4 -> 
  custom:scripting/monoscript/fileName/ImageRecorder.cs: b804c29bfc59a61db184c1d275fe4101 -> 
  custom:scripting/monoscript/fileName/EditableLabel.cs: 4f8fa2c6092744ed6607a411e3f617c0 -> 
  custom:scripting/monoscript/fileName/GameViewInput.cs: 596e7ffa2d11b2002176644af3247ea6 -> 
  custom:audio-encoder-webm-vorbis: bf7c407c2cedff20999df2af8eb42d56 -> 
  custom:scripting/monoscript/fileName/SerializedDictionnary.cs: 90647cc400823b41df847a6cbfc29026 -> 
  custom:scripting/monoscript/fileName/HammersleySequence.cs: b06601f044912976f668045b7d4c79a8 -> 
  custom:scripting/monoscript/fileName/_RecorderComponent.cs: 8c268d1df4e18643d83ea9c6eeba2d9f -> 
  custom:scripting/monoscript/fileName/IAccumulation.cs: 38dee62d444423165276e3254554d005 -> 
  custom:scripting/monoscript/fileName/RecorderController.cs: 5760bd2995080b8d0d9d9e88ab8933c6 -> 
  custom:scripting/monoscript/fileName/EXRRecorderSettings.cs: bf113df492cb5b25e11ec144a73c2f74 -> 
========================================================================
Received Prepare
Begin MonoManager ReloadAssembly
Thread 0x302cdf000 may have been prematurely finalized
- Loaded All Assemblies, in  0.601 seconds
Refreshing native plugins compatible for Editor in 2.90 ms, found 4 plugins.
Native extension for WindowsStandalone target not found
Native extension for OSXStandalone target not found
Native extension for WebGL target not found
[Package Manager] Server::EnsureServerProcessIsRunning -- launch failed, reason: Unity was launched with the -noUpm command-line argument
[Package Manager] UpmClient::Send -- Unable to send message (not connected to UPM process).
[Package Manager] Cannot connect to Unity Package Manager local server
Mono: successfully reloaded assembly
- Finished resetting the current domain, in  1.974 seconds
Domain Reload Profiling: 2576ms
	BeginReloadAssembly (250ms)
		ExecutionOrderSort (0ms)
		DisableScriptedObjects (7ms)
		BackupInstance (0ms)
		ReleaseScriptingObjects (0ms)
		CreateAndSetChildDomain (125ms)
	RebuildCommonClasses (37ms)
	RebuildNativeTypeToScriptingClass (10ms)
	initialDomainReloadingComplete (24ms)
	LoadAllAssembliesAndSetupDomain (280ms)
		LoadAssemblies (269ms)
		RebuildTransferFunctionScriptingTraits (0ms)
		AnalyzeDomain (82ms)
			TypeCache.Refresh (50ms)
				TypeCache.ScanAssembly (13ms)
			ScanForSourceGeneratedMonoScriptInfo (20ms)
			ResolveRequiredComponents (11ms)
	FinalizeReload (1975ms)
		ReleaseScriptCaches (0ms)
		RebuildScriptCaches (0ms)
		SetupLoadedEditorAssemblies (902ms)
			LogAssemblyErrors (0ms)
			InitializePlatformSupportModulesInManaged (4ms)
			SetLoadedEditorAssemblies (4ms)
			RefreshPlugins (0ms)
			BeforeProcessingInitializeOnLoad (48ms)
			ProcessInitializeOnLoadAttributes (823ms)
			ProcessInitializeOnLoadMethodAttributes (23ms)
			AfterProcessingInitializeOnLoad (1ms)
			EditorAssembliesLoaded (0ms)
		ExecutionOrderSort2 (0ms)
		AwakeInstancesAfterBackupRestoration (5ms)
Refreshing native plugins compatible for Editor in 2.68 ms, found 4 plugins.
Preloading 0 native plugins for Editor in 0.00 ms.
Unloading 3416 Unused Serialized files (Serialized files now loaded: 0)
Unloading 39 unused Assets / (359.7 KB). Loaded Objects now: 4054.
Memory consumption went from 220.1 MB to 219.8 MB.
Total: 27.571667 ms (FindLiveObjects: 0.798791 ms CreateObjectMapping: 0.268708 ms MarkObjects: 22.707792 ms  DeleteObjects: 3.793042 ms)

Prepare: number of updated asset objects reloaded= 0
AssetImportParameters requested are different than current active one (requested -> active):
  custom:container-demuxer-ogg: 62fdf1f143b41e24485cea50d1cbac27 -> 
  custom:video-decoder-ogg-theora: a1e56fd34408186e4bbccfd4996cb3dc -> 
  custom:CustomObjectIndexerAttribute: 9a22284fe3817be447336de3de66b15e -> 
  custom:container-demuxer-webm: 4f35f7cbe854078d1ac9338744f61a02 -> 
  custom:scripting/monoscript/fileName/Mangos.cs: 76f0e2adc5074ba2b8e7cf84fbf20dab -> 
  custom:container-muxer-webm: aa71ff27fc2769a1b78a27578f13a17b -> 
  custom:video-decoder-webm-vp8: 9c59270c3fd7afecdb556c50c9e8de78 -> 
  custom:SearchIndexIgnoredProperties: e643bd26f0fe6173181afceb89e7c659 -> 
  custom:AudioImporter_EditorPlatform: 3918e3fc78b5a79bad01e8451be0beb8 -> 
  custom:framework-osx-AVFoundation: e770b220cccbd017edd2c1fefb359320 -> 
  custom:video-encoder-webm-vp8: eb34c28f22e8b96e1ab97ce403110664 -> 
  custom:audio-decoder-ogg-vorbis: bf7c407c2cedff20999df2af8eb42d56 -> 
  custom:audio-encoder-webm-vorbis: bf7c407c2cedff20999df2af8eb42d56 -> 
========================================================================
Received Prepare
Begin MonoManager ReloadAssembly
Thread 0x302bc7000 may have been prematurely finalized
- Loaded All Assemblies, in  0.459 seconds
Refreshing native plugins compatible for Editor in 1.11 ms, found 4 plugins.
Native extension for WindowsStandalone target not found
Native extension for OSXStandalone target not found
Native extension for WebGL target not found
[Package Manager] Server::EnsureServerProcessIsRunning -- launch failed, reason: Unity was launched with the -noUpm command-line argument
[Package Manager] UpmClient::Send -- Unable to send message (not connected to UPM process).
[Package Manager] Cannot connect to Unity Package Manager local server
Mono: successfully reloaded assembly
- Finished resetting the current domain, in  1.039 seconds
Domain Reload Profiling: 1502ms
	BeginReloadAssembly (164ms)
		ExecutionOrderSort (0ms)
		DisableScriptedObjects (3ms)
		BackupInstance (0ms)
		ReleaseScriptingObjects (0ms)
		CreateAndSetChildDomain (62ms)
	RebuildCommonClasses (36ms)
	RebuildNativeTypeToScriptingClass (12ms)
	initialDomainReloadingComplete (29ms)
	LoadAllAssembliesAndSetupDomain (219ms)
		LoadAssemblies (273ms)
		RebuildTransferFunctionScriptingTraits (0ms)
		AnalyzeDomain (16ms)
			TypeCache.Refresh (10ms)
				TypeCache.ScanAssembly (0ms)
			ScanForSourceGeneratedMonoScriptInfo (0ms)
			ResolveRequiredComponents (5ms)
	FinalizeReload (1043ms)
		ReleaseScriptCaches (0ms)
		RebuildScriptCaches (0ms)
		SetupLoadedEditorAssemblies (498ms)
			LogAssemblyErrors (0ms)
			InitializePlatformSupportModulesInManaged (5ms)
			SetLoadedEditorAssemblies (3ms)
			RefreshPlugins (0ms)
			BeforeProcessingInitializeOnLoad (46ms)
			ProcessInitializeOnLoadAttributes (424ms)
			ProcessInitializeOnLoadMethodAttributes (17ms)
			AfterProcessingInitializeOnLoad (2ms)
			EditorAssembliesLoaded (1ms)
		ExecutionOrderSort2 (0ms)
		AwakeInstancesAfterBackupRestoration (6ms)
Refreshing native plugins compatible for Editor in 1.01 ms, found 4 plugins.
Preloading 0 native plugins for Editor in 0.00 ms.
Unloading 3416 Unused Serialized files (Serialized files now loaded: 0)
Unloading 39 unused Assets / (359.7 KB). Loaded Objects now: 4069.
Memory consumption went from 228.0 MB to 227.7 MB.
Total: 24.295333 ms (FindLiveObjects: 0.298417 ms CreateObjectMapping: 0.128125 ms MarkObjects: 22.749000 ms  DeleteObjects: 1.117959 ms)

Prepare: number of updated asset objects reloaded= 0
AssetImportParameters requested are different than current active one (requested -> active):
  custom:container-demuxer-ogg: 62fdf1f143b41e24485cea50d1cbac27 -> 
  custom:video-decoder-ogg-theora: a1e56fd34408186e4bbccfd4996cb3dc -> 
  custom:CustomObjectIndexerAttribute: 9a22284fe3817be447336de3de66b15e -> 
  custom:container-demuxer-webm: 4f35f7cbe854078d1ac9338744f61a02 -> 
  custom:scripting/monoscript/fileName/Mangos.cs: 76f0e2adc5074ba2b8e7cf84fbf20dab -> 
  custom:container-muxer-webm: aa71ff27fc2769a1b78a27578f13a17b -> 
  custom:video-decoder-webm-vp8: 9c59270c3fd7afecdb556c50c9e8de78 -> 
  custom:SearchIndexIgnoredProperties: e643bd26f0fe6173181afceb89e7c659 -> 
  custom:AudioImporter_EditorPlatform: 3918e3fc78b5a79bad01e8451be0beb8 -> 
  custom:framework-osx-AVFoundation: e770b220cccbd017edd2c1fefb359320 -> 
  custom:video-encoder-webm-vp8: eb34c28f22e8b96e1ab97ce403110664 -> 
  custom:audio-decoder-ogg-vorbis: bf7c407c2cedff20999df2af8eb42d56 -> 
  custom:audio-encoder-webm-vorbis: bf7c407c2cedff20999df2af8eb42d56 -> 
========================================================================
Received Prepare
Begin MonoManager ReloadAssembly
Thread 0x302bc7000 may have been prematurely finalized
- Loaded All Assemblies, in  0.294 seconds
Refreshing native plugins compatible for Editor in 1.38 ms, found 4 plugins.
Native extension for WindowsStandalone target not found
Native extension for OSXStandalone target not found
Native extension for WebGL target not found
[Package Manager] Server::EnsureServerProcessIsRunning -- launch failed, reason: Unity was launched with the -noUpm command-line argument
[Package Manager] UpmClient::Send -- Unable to send message (not connected to UPM process).
[Package Manager] Cannot connect to Unity Package Manager local server
Mono: successfully reloaded assembly
- Finished resetting the current domain, in  0.787 seconds
Domain Reload Profiling: 1081ms
	BeginReloadAssembly (98ms)
		ExecutionOrderSort (0ms)
		DisableScriptedObjects (3ms)
		BackupInstance (0ms)
		ReleaseScriptingObjects (0ms)
		CreateAndSetChildDomain (37ms)
	RebuildCommonClasses (21ms)
	RebuildNativeTypeToScriptingClass (8ms)
	initialDomainReloadingComplete (13ms)
	LoadAllAssembliesAndSetupDomain (154ms)
		LoadAssemblies (177ms)
		RebuildTransferFunctionScriptingTraits (0ms)
		AnalyzeDomain (12ms)
			TypeCache.Refresh (7ms)
				TypeCache.ScanAssembly (0ms)
			ScanForSourceGeneratedMonoScriptInfo (0ms)
			ResolveRequiredComponents (4ms)
	FinalizeReload (787ms)
		ReleaseScriptCaches (0ms)
		RebuildScriptCaches (0ms)
		SetupLoadedEditorAssemblies (313ms)
			LogAssemblyErrors (0ms)
			InitializePlatformSupportModulesInManaged (5ms)
			SetLoadedEditorAssemblies (2ms)
			RefreshPlugins (0ms)
			BeforeProcessingInitializeOnLoad (31ms)
			ProcessInitializeOnLoadAttributes (264ms)
			ProcessInitializeOnLoadMethodAttributes (10ms)
			AfterProcessingInitializeOnLoad (1ms)
			EditorAssembliesLoaded (0ms)
		ExecutionOrderSort2 (0ms)
		AwakeInstancesAfterBackupRestoration (2ms)
Refreshing native plugins compatible for Editor in 3.24 ms, found 4 plugins.
Preloading 0 native plugins for Editor in 0.00 ms.
Unloading 3416 Unused Serialized files (Serialized files now loaded: 0)
Unloading 39 unused Assets / (361.3 KB). Loaded Objects now: 4084.
Memory consumption went from 235.9 MB to 235.6 MB.
Total: 19.785334 ms (FindLiveObjects: 0.234333 ms CreateObjectMapping: 0.077000 ms MarkObjects: 16.160000 ms  DeleteObjects: 3.313250 ms)

Prepare: number of updated asset objects reloaded= 0
AssetImportParameters requested are different than current active one (requested -> active):
  custom:container-demuxer-ogg: 62fdf1f143b41e24485cea50d1cbac27 -> 
  custom:video-decoder-ogg-theora: a1e56fd34408186e4bbccfd4996cb3dc -> 
  custom:CustomObjectIndexerAttribute: 9a22284fe3817be447336de3de66b15e -> 
  custom:container-demuxer-webm: 4f35f7cbe854078d1ac9338744f61a02 -> 
  custom:scripting/monoscript/fileName/Mangos.cs: 76f0e2adc5074ba2b8e7cf84fbf20dab -> 
  custom:container-muxer-webm: aa71ff27fc2769a1b78a27578f13a17b -> 
  custom:video-decoder-webm-vp8: 9c59270c3fd7afecdb556c50c9e8de78 -> 
  custom:SearchIndexIgnoredProperties: e643bd26f0fe6173181afceb89e7c659 -> 
  custom:AudioImporter_EditorPlatform: 3918e3fc78b5a79bad01e8451be0beb8 -> 
  custom:framework-osx-AVFoundation: e770b220cccbd017edd2c1fefb359320 -> 
  custom:video-encoder-webm-vp8: eb34c28f22e8b96e1ab97ce403110664 -> 
  custom:audio-decoder-ogg-vorbis: bf7c407c2cedff20999df2af8eb42d56 -> 
  custom:audio-encoder-webm-vorbis: bf7c407c2cedff20999df2af8eb42d56 -> 
========================================================================
Received Prepare
Begin MonoManager ReloadAssembly
Thread 0x302d1f000 may have been prematurely finalized
- Loaded All Assemblies, in  0.267 seconds
Refreshing native plugins compatible for Editor in 1.20 ms, found 4 plugins.
Native extension for WindowsStandalone target not found
Native extension for OSXStandalone target not found
Native extension for WebGL target not found
[Package Manager] Server::EnsureServerProcessIsRunning -- launch failed, reason: Unity was launched with the -noUpm command-line argument
[Package Manager] UpmClient::Send -- Unable to send message (not connected to UPM process).
[Package Manager] Cannot connect to Unity Package Manager local server
Mono: successfully reloaded assembly
- Finished resetting the current domain, in  0.763 seconds
Domain Reload Profiling: 1031ms
	BeginReloadAssembly (96ms)
		ExecutionOrderSort (0ms)
		DisableScriptedObjects (3ms)
		BackupInstance (0ms)
		ReleaseScriptingObjects (0ms)
		CreateAndSetChildDomain (36ms)
	RebuildCommonClasses (22ms)
	RebuildNativeTypeToScriptingClass (8ms)
	initialDomainReloadingComplete (13ms)
	LoadAllAssembliesAndSetupDomain (129ms)
		LoadAssemblies (147ms)
		RebuildTransferFunctionScriptingTraits (0ms)
		AnalyzeDomain (15ms)
			TypeCache.Refresh (8ms)
				TypeCache.ScanAssembly (0ms)
			ScanForSourceGeneratedMonoScriptInfo (0ms)
			ResolveRequiredComponents (6ms)
	FinalizeReload (764ms)
		ReleaseScriptCaches (0ms)
		RebuildScriptCaches (0ms)
		SetupLoadedEditorAssemblies (310ms)
			LogAssemblyErrors (0ms)
			InitializePlatformSupportModulesInManaged (4ms)
			SetLoadedEditorAssemblies (2ms)
			RefreshPlugins (0ms)
			BeforeProcessingInitializeOnLoad (30ms)
			ProcessInitializeOnLoadAttributes (264ms)
			ProcessInitializeOnLoadMethodAttributes (10ms)
			AfterProcessingInitializeOnLoad (1ms)
			EditorAssembliesLoaded (0ms)
		ExecutionOrderSort2 (0ms)
		AwakeInstancesAfterBackupRestoration (2ms)
Refreshing native plugins compatible for Editor in 1.35 ms, found 4 plugins.
Preloading 0 native plugins for Editor in 0.00 ms.
Unloading 3416 Unused Serialized files (Serialized files now loaded: 0)
Unloading 39 unused Assets / (359.6 KB). Loaded Objects now: 4099.
Memory consumption went from 243.8 MB to 243.5 MB.
Total: 6.574625 ms (FindLiveObjects: 0.248042 ms CreateObjectMapping: 0.086792 ms MarkObjects: 5.983833 ms  DeleteObjects: 0.255208 ms)

Prepare: number of updated asset objects reloaded= 0
AssetImportParameters requested are different than current active one (requested -> active):
  custom:container-demuxer-ogg: 62fdf1f143b41e24485cea50d1cbac27 -> 
  custom:video-decoder-ogg-theora: a1e56fd34408186e4bbccfd4996cb3dc -> 
  custom:CustomObjectIndexerAttribute: 9a22284fe3817be447336de3de66b15e -> 
  custom:container-demuxer-webm: 4f35f7cbe854078d1ac9338744f61a02 -> 
  custom:scripting/monoscript/fileName/Mangos.cs: 76f0e2adc5074ba2b8e7cf84fbf20dab -> 
  custom:container-muxer-webm: aa71ff27fc2769a1b78a27578f13a17b -> 
  custom:video-decoder-webm-vp8: 9c59270c3fd7afecdb556c50c9e8de78 -> 
  custom:SearchIndexIgnoredProperties: e643bd26f0fe6173181afceb89e7c659 -> 
  custom:AudioImporter_EditorPlatform: 3918e3fc78b5a79bad01e8451be0beb8 -> 
  custom:framework-osx-AVFoundation: e770b220cccbd017edd2c1fefb359320 -> 
  custom:video-encoder-webm-vp8: eb34c28f22e8b96e1ab97ce403110664 -> 
  custom:audio-decoder-ogg-vorbis: bf7c407c2cedff20999df2af8eb42d56 -> 
  custom:audio-encoder-webm-vorbis: bf7c407c2cedff20999df2af8eb42d56 -> 
TcpMessagingSession - receive error
AssetImportWorkerClient::OnTransportError - code=2 error=End of file
